#
# There is insufficient memory for the Java Runtime Environment to continue.
# Native memory allocation (mmap) failed to map 65011712 bytes for G1 virtual space
# Possible reasons:
#   The system is out of physical RAM or swap space
#   The process is running with CompressedOops enabled, and the Java Heap may be blocking the growth of the native heap
# Possible solutions:
#   Reduce memory load on the system
#   Increase physical memory or swap space
#   Check if swap backing store is full
#   Decrease Java heap size (-Xmx/-Xms)
#   Decrease number of Java threads
#   Decrease Java thread stack sizes (-Xss)
#   Set larger code cache with -XX:ReservedCodeCacheSize=
#   JVM is running with Unscaled Compressed Oops mode in which the Java heap is
#     placed in the first 4GB address space. The Java Heap base address is the
#     maximum limit for the native heap growth. Please use -XX:HeapBaseMinAddress
#     to set the Java Heap base and to place the Java Heap above 4GB virtual address.
# This output file may be truncated or incomplete.
#
#  Out of Memory Error (./open/src/hotspot/os/windows/os_windows.cpp:3321), pid=10384, tid=3044
#
# JRE version:  (15.0.2+7) (build )
# Java VM: OpenJDK 64-Bit Server VM (15.0.2+7-27, mixed mode, sharing, tiered, compressed oops, g1 gc, windows-amd64)
# No core dump will be written. Minidumps are not enabled by default on client versions of Windows
#

---------------  S U M M A R Y ------------

Command Line: -ea -Dfile.encoding=Cp1252 -XX:+ShowCodeDetailsInExceptionMessages org.eclipse.jdt.internal.junit.runner.RemoteTestRunner -version 3 -port 52201 -testLoaderClass org.eclipse.jdt.internal.junit5.runner.JUnit5TestLoader -loaderpluginname org.eclipse.jdt.junit5.runtime -classNames com.vl.info.UserServicesTest

Host: AMD PRO A4-4350B R4, 5 COMPUTE CORES 2C+3G     , 2 cores, 3G,  Windows 10 , 64 bit Build 17763 (10.0.17763.475)
Time: Wed Jun  9 15:23:25 2021 India Standard Time elapsed time: 0.373880 seconds (0d 0h 0m 0s)

---------------  T H R E A D  ---------------

Current thread (0x000001eadc90dda0):  JavaThread "Unknown thread" [_thread_in_vm, id=3044, stack(0x000000d75a700000,0x000000d75a800000)]

Stack: [0x000000d75a700000,0x000000d75a800000]
Native frames: (J=compiled Java code, j=interpreted, Vv=VM code, C=native code)
V  [jvm.dll+0x62ae9a]
V  [jvm.dll+0x7817a9]
V  [jvm.dll+0x782f03]
V  [jvm.dll+0x783563]
V  [jvm.dll+0x216325]
V  [jvm.dll+0x6281d9]
V  [jvm.dll+0x61cf55]
V  [jvm.dll+0x2cffdd]
V  [jvm.dll+0x2cfe42]
V  [jvm.dll+0x2d5e1c]
V  [jvm.dll+0x32590a]
V  [jvm.dll+0x324fd4]
V  [jvm.dll+0x2a6f5a]
V  [jvm.dll+0x2a80f8]
V  [jvm.dll+0x75e241]
V  [jvm.dll+0x3341c4]
V  [jvm.dll+0x73e926]
V  [jvm.dll+0x3b7557]
V  [jvm.dll+0x3b8fe1]
C  [jli.dll+0x52fb]
C  [ucrtbase.dll+0x2268a]
C  [KERNEL32.DLL+0x17974]
C  [ntdll.dll+0x5a0b1]


---------------  P R O C E S S  ---------------

Threads class SMR info:
_java_thread_list=0x00007ffa53f94ff0, length=0, elements={
}

Java Threads: ( => current thread )

Other Threads:
  0x000001eadc939d70 GCTaskThread "GC Thread#0" [stack: 0x000000d75a800000,0x000000d75a900000] [id=1168]
  0x000001eadc942a50 ConcurrentGCThread "G1 Main Marker" [stack: 0x000000d75a900000,0x000000d75aa00000] [id=5068]
  0x000001eadc9442d0 ConcurrentGCThread "G1 Conc#0" [stack: 0x000000d75aa00000,0x000000d75ab00000] [id=5984]

[error occurred during error reporting (printing all threads), id 0xc0000005, EXCEPTION_ACCESS_VIOLATION (0xc0000005) at pc=0x00007ffa53787e27]

VM state: not at safepoint (not fully initialized)

VM Mutex/Monitor currently owned by a thread:  ([mutex/lock_event])
[0x000001eadc90b1a0] Heap_lock - owner thread: 0x000001eadc90dda0

Heap address: 0x00000000c2800000, size: 984 MB, Compressed Oops mode: 32-bit
CDS archive(s) mapped at: [0x0000000000000000-0x0000000000000000-0x0000000000000000), size 0, SharedBaseAddress: 0x0000000800000000, ArchiveRelocationMode: 0.
Narrow klass base: 0x0000000000000000, Narrow klass shift: 0, Narrow klass range: 0x0

Heap:
 garbage-first heap   total 63488K, used 0K [0x00000000c2800000, 0x0000000100000000)
  region size 1024K, 0 young (0K), 0 survivors (0K)
 Metaspace       used 0K, capacity 0K, committed 0K, reserved 0K
  class space    used 0K, capacity 0K, committed 0K, reserved 0K

Heap Regions: E=young(eden), S=young(survivor), O=old, HS=humongous(starts), HC=humongous(continues), CS=collection set, F=free, OA=open archive, CA=closed archive, TAMS=top-at-mark-start (previous, next)

Card table byte_map: [0x000001eadc6b0000,0x000001eadc8a0000] _byte_map_base: 0x000001eadc09c000

Marking Bits (Prev, Next): (CMBitMap*) 0x000001eadc93a4f0, (CMBitMap*) 0x000001eadc93a530
 Prev Bits: [0x000001eaef4f0000, 0x000001eaf0450000)
 Next Bits: [0x000001eaf0450000, 0x000001eaf13b0000)

GC Heap History (0 events):
No events

Deoptimization events (0 events):
No events

Classes unloaded (0 events):
No events

Classes redefined (0 events):
No events

Internal exceptions (0 events):
No events

Events (1 events):
Event: 0.016 Loaded shared library C:\Users\ELCOT\.p2\pool\plugins\org.eclipse.justj.openjdk.hotspot.jre.full.win32.x86_64_15.0.2.v20210201-0955\jre\bin\java.dll


Dynamic libraries:
0x00007ff75cf30000 - 0x00007ff75cf3d000 	C:\Users\ELCOT\.p2\pool\plugins\org.eclipse.justj.openjdk.hotspot.jre.full.win32.x86_64_15.0.2.v20210201-0955\jre\bin\javaw.exe
0x00007ffa8b2e0000 - 0x00007ffa8b4cd000 	C:\Windows\SYSTEM32\ntdll.dll
0x00007ffa890c0000 - 0x00007ffa89173000 	C:\Windows\System32\KERNEL32.DLL
0x00007ffa877e0000 - 0x00007ffa87a75000 	C:\Windows\System32\KERNELBASE.dll
0x00007ffa88400000 - 0x00007ffa884fa000 	C:\Windows\System32\ucrtbase.dll
0x00007ffa7f3b0000 - 0x00007ffa7f3c8000 	C:\Users\ELCOT\.p2\pool\plugins\org.eclipse.justj.openjdk.hotspot.jre.full.win32.x86_64_15.0.2.v20210201-0955\jre\bin\jli.dll
0x00007ffa89230000 - 0x00007ffa893c7000 	C:\Windows\System32\USER32.dll
0x00007ffa88340000 - 0x00007ffa88360000 	C:\Windows\System32\win32u.dll
0x00007ffa8b150000 - 0x00007ffa8b179000 	C:\Windows\System32\GDI32.dll
0x00007ffa875f0000 - 0x00007ffa8778c000 	C:\Windows\System32\gdi32full.dll
0x00007ffa88360000 - 0x00007ffa88400000 	C:\Windows\System32\msvcp_win.dll
0x00007ffa763e0000 - 0x00007ffa763f9000 	C:\Users\ELCOT\.p2\pool\plugins\org.eclipse.justj.openjdk.hotspot.jre.full.win32.x86_64_15.0.2.v20210201-0955\jre\bin\VCRUNTIME140.dll
0x00007ffa6ee40000 - 0x00007ffa6f0b9000 	C:\Windows\WinSxS\amd64_microsoft.windows.common-controls_6595b64144ccf1df_6.0.17763.1577_none_de7444545348a3d0\COMCTL32.dll
0x00007ffa885d0000 - 0x00007ffa8866e000 	C:\Windows\System32\msvcrt.dll
0x00007ffa88d90000 - 0x00007ffa890bd000 	C:\Windows\System32\combase.dll
0x00007ffa8b180000 - 0x00007ffa8b2a2000 	C:\Windows\System32\RPCRT4.dll
0x00007ffa87b30000 - 0x00007ffa87bae000 	C:\Windows\System32\bcryptPrimitives.dll
0x00007ffa89550000 - 0x00007ffa8957e000 	C:\Windows\System32\IMM32.DLL
0x00007ffa7f3a0000 - 0x00007ffa7f3ac000 	C:\Users\ELCOT\.p2\pool\plugins\org.eclipse.justj.openjdk.hotspot.jre.full.win32.x86_64_15.0.2.v20210201-0955\jre\bin\vcruntime140_1.dll
0x00007ffa65c50000 - 0x00007ffa65ce1000 	C:\Users\ELCOT\.p2\pool\plugins\org.eclipse.justj.openjdk.hotspot.jre.full.win32.x86_64_15.0.2.v20210201-0955\jre\bin\msvcp140.dll
0x00007ffa534d0000 - 0x00007ffa5402e000 	C:\Users\ELCOT\.p2\pool\plugins\org.eclipse.justj.openjdk.hotspot.jre.full.win32.x86_64_15.0.2.v20210201-0955\jre\bin\server\jvm.dll
0x00007ffa8b040000 - 0x00007ffa8b0e3000 	C:\Windows\System32\ADVAPI32.dll
0x00007ffa893e0000 - 0x00007ffa8947e000 	C:\Windows\System32\sechost.dll
0x00007ffa893d0000 - 0x00007ffa893d8000 	C:\Windows\System32\PSAPI.DLL
0x00007ffa72a10000 - 0x00007ffa72a19000 	C:\Windows\SYSTEM32\WSOCK32.dll
0x00007ffa88820000 - 0x00007ffa8888d000 	C:\Windows\System32\WS2_32.dll
0x00007ffa853b0000 - 0x00007ffa853d4000 	C:\Windows\SYSTEM32\WINMM.dll
0x00007ffa827a0000 - 0x00007ffa827aa000 	C:\Windows\SYSTEM32\VERSION.dll
0x00007ffa85380000 - 0x00007ffa853ad000 	C:\Windows\SYSTEM32\WINMMBASE.dll
0x00007ffa87790000 - 0x00007ffa877da000 	C:\Windows\System32\cfgmgr32.dll
0x00007ffa87370000 - 0x00007ffa87381000 	C:\Windows\System32\kernel.appcore.dll
0x00007ffa7f390000 - 0x00007ffa7f39a000 	C:\Users\ELCOT\.p2\pool\plugins\org.eclipse.justj.openjdk.hotspot.jre.full.win32.x86_64_15.0.2.v20210201-0955\jre\bin\jimage.dll
0x00007ffa7cf30000 - 0x00007ffa7d11d000 	C:\Windows\SYSTEM32\DBGHELP.DLL
0x00007ffa71d20000 - 0x00007ffa71d4a000 	C:\Windows\SYSTEM32\dbgcore.DLL
0x00007ffa7ee40000 - 0x00007ffa7ee65000 	C:\Users\ELCOT\.p2\pool\plugins\org.eclipse.justj.openjdk.hotspot.jre.full.win32.x86_64_15.0.2.v20210201-0955\jre\bin\java.dll

dbghelp: loaded successfully - version: 4.0.5 - missing functions: none
symbol engine: initialized successfully - sym options: 0x614 - pdb path: .;C:\Users\ELCOT\.p2\pool\plugins\org.eclipse.justj.openjdk.hotspot.jre.full.win32.x86_64_15.0.2.v20210201-0955\jre\bin;C:\Windows\SYSTEM32;C:\Windows\WinSxS\amd64_microsoft.windows.common-controls_6595b64144ccf1df_6.0.17763.1577_none_de7444545348a3d0;C:\Users\ELCOT\.p2\pool\plugins\org.eclipse.justj.openjdk.hotspot.jre.full.win32.x86_64_15.0.2.v20210201-0955\jre\bin\server

VM Arguments:
jvm_args: -ea -Dfile.encoding=Cp1252 -XX:+ShowCodeDetailsInExceptionMessages 
java_command: org.eclipse.jdt.internal.junit.runner.RemoteTestRunner -version 3 -port 52201 -testLoaderClass org.eclipse.jdt.internal.junit5.runner.JUnit5TestLoader -loaderpluginname org.eclipse.jdt.junit5.runtime -classNames com.vl.info.UserServicesTest
java_class_path (initial): C:\Users\ELCOT\Desktop\Project\Online_vehicle_License\bin\main;C:\Users\ELCOT\Desktop\Project\Online_vehicle_License\bin\test;C:\Users\ELCOT\Desktop\Project\Online_vehicle_License\bin\default;C:\Users\ELCOT\.gradle\caches\modules-2\files-2.1\org.springframework.boot\spring-boot-starter-web\2.5.0\3103486844ed786b6ba420971ad137658a2da803\spring-boot-starter-web-2.5.0.jar;C:\Users\ELCOT\.gradle\caches\modules-2\files-2.1\org.springframework.boot\spring-boot-starter-data-jpa\2.5.0\84f42b4c2b85d59070d1b67c7e5b35a1f62c3e82\spring-boot-starter-data-jpa-2.5.0.jar;C:\Users\ELCOT\.gradle\caches\modules-2\files-2.1\org.assertj\assertj-core\3.15.0\b5b633545f357f576bd0661b302914a3951319d\assertj-core-3.15.0.jar;C:\Users\ELCOT\.gradle\caches\modules-2\files-2.1\org.hibernate\hibernate-core\5.4.13.Final\ccf1fb34349439b19056b9f81fb9738760ff5d76\hibernate-core-5.4.13.Final.jar;C:\Users\ELCOT\.gradle\caches\modules-2\files-2.1\org.springframework.boot\spring-boot-starter-json\2.5.0\3823529849c1b848e9623bbccc7c2dc7c3d51f93\spring-boot-starter-json-2.5.0.jar;C:\Users\ELCOT\.gradle\caches\modules-2\files-2.1\org.springframework.boot\spring-boot-starter-aop\2.5.0\7296891fa9032f7ac267da19732c043966216636\spring-boot-starter-aop-2.5.0.jar;C:\Users\ELCOT\.gradle\caches\modules-2\files-2.1\org.springframework.boot\spring-boot-starter-jdbc\2.5.0\850bf7c3dacf3d610bb9e7dca3685621539c7099\spring-boot-starter-jdbc-2.5.0.jar;C:\Users\ELCOT\.gradle\caches\modules-2\files-2.1\org.springframework.boot\spring-boot-starter\2.5.0\a910887c01efcc7d12f3f89a7604d436f26eeb90\spring-boot-starter-2.5.0.jar;C:\Users\ELCOT\.gradle\caches\modules-2\files-2.1\org.springframework.boot\spring-boot-starter-tomcat\2.5.0\3b93aeb708d3319522fb21409ec314ad4d2ef9b3\spring-boot-starter-tomcat-2.5.0.jar;C:\Users\ELCOT\.gradle\caches\modules-2\files-2.1\org.springframework\spring-webmvc\5.3.7\8437c7a572177a34607abdaef2f6b8088488f5c0\spring-webmvc-5.3.7.jar;C:\Users\ELCOT\.gradle\caches\modules-2\f
Launcher Type: SUN_STANDARD

[Global flags]
     intx CICompilerCount                          = 2                                         {product} {ergonomic}
     uint ConcGCThreads                            = 1                                         {product} {ergonomic}
     uint G1ConcRefinementThreads                  = 2                                         {product} {ergonomic}
   size_t G1HeapRegionSize                         = 1048576                                   {product} {ergonomic}
    uintx GCDrainStackTargetSize                   = 64                                        {product} {ergonomic}
   size_t InitialHeapSize                          = 65011712                                  {product} {ergonomic}
   size_t MarkStackSize                            = 4194304                                   {product} {ergonomic}
   size_t MaxHeapSize                              = 1031798784                                {product} {ergonomic}
   size_t MinHeapDeltaBytes                        = 1048576                                   {product} {ergonomic}
   size_t MinHeapSize                              = 8388608                                   {product} {ergonomic}
    uintx NonNMethodCodeHeapSize                   = 5826188                                {pd product} {ergonomic}
    uintx NonProfiledCodeHeapSize                  = 122916026                              {pd product} {ergonomic}
    uintx ProfiledCodeHeapSize                     = 122916026                              {pd product} {ergonomic}
    uintx ReservedCodeCacheSize                    = 251658240                              {pd product} {ergonomic}
     bool SegmentedCodeCache                       = true                                      {product} {ergonomic}
     bool ShowCodeDetailsInExceptionMessages       = true                                   {manageable} {command line}
   size_t SoftMaxHeapSize                          = 1031798784                             {manageable} {ergonomic}
     bool UseCompressedClassPointers               = true                                 {lp64_product} {ergonomic}
     bool UseCompressedOops                        = true                                 {lp64_product} {ergonomic}
     bool UseG1GC                                  = true                                      {product} {ergonomic}
     bool UseLargePagesIndividualAllocation        = false                                  {pd product} {ergonomic}

Logging:
Log output configuration:
 #0: stdout all=warning uptime,level,tags
 #1: stderr all=off uptime,level,tags

Environment Variables:
JAVA_HOME=C:\Program Files\Java\jdk1.8.0_291
PATH=C:/Users/ELCOT/.p2/pool/plugins/org.eclipse.justj.openjdk.hotspot.jre.full.win32.x86_64_15.0.2.v20210201-0955/jre/bin/server;C:/Users/ELCOT/.p2/pool/plugins/org.eclipse.justj.openjdk.hotspot.jre.full.win32.x86_64_15.0.2.v20210201-0955/jre/bin;C:\Program Files\Java\jdk1.8.0_291\bin;C:\gradle-7.0.2\bin;C:\Program Files\Git\cmd;C:\Users\ELCOT\AppData\Local\Microsoft\WindowsApps;;C:\Users\ELCOT\eclipse\java-2021-03\eclipse;
USERNAME=ELCOT
OS=Windows_NT
PROCESSOR_IDENTIFIER=AMD64 Family 21 Model 112 Stepping 0, AuthenticAMD



---------------  S Y S T E M  ---------------

OS:
 Windows 10 , 64 bit Build 17763 (10.0.17763.475)
OS uptime: 2 days 6:49 hours

CPU: total 2 (initial active 2) (2 cores per cpu, 1 threads per core) family 21 model 112 stepping 0 microcode 0x0, cmov, cx8, fxsr, mmx, sse, sse2, sse3, ssse3, sse4.1, sse4.2, popcnt, vzeroupper, avx, avx2, aes, clmul, 3dnowpref, lzcnt, sse4a, tsc, tscinvbit, tscinv, bmi1, bmi2, fma, clflush

Memory: 4k page, system-wide physical 3935M (638M free)
TotalPageFile size 8031M (AvailPageFile size 34M)
current process WorkingSet (physical memory assigned to process): 9M, peak: 9M
current process commit charge ("private bytes"): 47M, peak: 109M

vm_info: OpenJDK 64-Bit Server VM (15.0.2+7-27) for windows-amd64 JRE (15.0.2+7-27), built on Dec  7 2020 20:02:38 by "mach5one" with unknown MS VC++:1925

END.
