#
# There is insufficient memory for the Java Runtime Environment to continue.
# Native memory allocation (malloc) failed to allocate 1743216 bytes for Chunk::new
# Possible reasons:
#   The system is out of physical RAM or swap space
#   The process is running with CompressedOops enabled, and the Java Heap may be blocking the growth of the native heap
# Possible solutions:
#   Reduce memory load on the system
#   Increase physical memory or swap space
#   Check if swap backing store is full
#   Decrease Java heap size (-Xmx/-Xms)
#   Decrease number of Java threads
#   Decrease Java thread stack sizes (-Xss)
#   Set larger code cache with -XX:ReservedCodeCacheSize=
#   JVM is running with Unscaled Compressed Oops mode in which the Java heap is
#     placed in the first 4GB address space. The Java Heap base address is the
#     maximum limit for the native heap growth. Please use -XX:HeapBaseMinAddress
#     to set the Java Heap base and to place the Java Heap above 4GB virtual address.
# This output file may be truncated or incomplete.
#
#  Out of Memory Error (./open/src/hotspot/share/memory/arena.cpp:195), pid=9504, tid=192
#
# JRE version: OpenJDK Runtime Environment (15.0.2+7) (build 15.0.2+7-27)
# Java VM: OpenJDK 64-Bit Server VM (15.0.2+7-27, mixed mode, tiered, compressed oops, g1 gc, windows-amd64)
# No core dump will be written. Minidumps are not enabled by default on client versions of Windows
#

---------------  S U M M A R Y ------------

Command Line: -ea -Dfile.encoding=Cp1252 -XX:+ShowCodeDetailsInExceptionMessages org.eclipse.jdt.internal.junit.runner.RemoteTestRunner -version 3 -port 57574 -testLoaderClass org.eclipse.jdt.internal.junit5.runner.JUnit5TestLoader -loaderpluginname org.eclipse.jdt.junit5.runtime -classNames com.vl.info.UserServicesTest

Host: AMD PRO A4-4350B R4, 5 COMPUTE CORES 2C+3G     , 2 cores, 3G,  Windows 10 , 64 bit Build 17763 (10.0.17763.475)
Time: Wed Jun  9 15:24:35 2021 India Standard Time elapsed time: 9.528600 seconds (0d 0h 0m 9s)

---------------  T H R E A D  ---------------

Current thread (0x0000020bff822530):  JavaThread "C2 CompilerThread0" daemon [_thread_in_native, id=192, stack(0x0000002ee8000000,0x0000002ee8100000)]


Current CompileTask:
C2:   9528 1799       4       jdk.internal.org.objectweb.asm.Frame::execute (2305 bytes)

Stack: [0x0000002ee8000000,0x0000002ee8100000]
Native frames: (J=compiled Java code, j=interpreted, Vv=VM code, C=native code)
V  [jvm.dll+0x62ae9a]
V  [jvm.dll+0x7817a9]
V  [jvm.dll+0x782f03]
V  [jvm.dll+0x783563]
V  [jvm.dll+0x216325]
V  [jvm.dll+0x97f3a]
V  [jvm.dll+0x9861c]
V  [jvm.dll+0x32e2a8]
V  [jvm.dll+0x2f768a]
V  [jvm.dll+0x2f6a4a]
V  [jvm.dll+0x1ea705]
V  [jvm.dll+0x1e996e]
V  [jvm.dll+0x178567]
V  [jvm.dll+0x1f9225]
V  [jvm.dll+0x1f72cc]
V  [jvm.dll+0x74495d]
V  [jvm.dll+0x73d75a]
V  [jvm.dll+0x629c56]
C  [ucrtbase.dll+0x2268a]
C  [KERNEL32.DLL+0x17974]
C  [ntdll.dll+0x5a0b1]


---------------  P R O C E S S  ---------------

Threads class SMR info:
_java_thread_list=0x0000020b9154f8b0, length=12, elements={
0x0000020bf905dda0, 0x0000020bfeeea010, 0x0000020bfeef31c0, 0x0000020bfef193b0,
0x0000020bfef1bd80, 0x0000020bfef1e750, 0x0000020bff822530, 0x0000020bff899580,
0x0000020bff89e250, 0x0000020bff9dadd0, 0x0000020bff9ee530, 0x0000020b91527db0
}

Java Threads: ( => current thread )
  0x0000020bf905dda0 JavaThread "main" [_thread_in_native, id=6224, stack(0x0000002ee7400000,0x0000002ee7500000)]
  0x0000020bfeeea010 JavaThread "Reference Handler" daemon [_thread_blocked, id=7456, stack(0x0000002ee7b00000,0x0000002ee7c00000)]
  0x0000020bfeef31c0 JavaThread "Finalizer" daemon [_thread_blocked, id=9940, stack(0x0000002ee7c00000,0x0000002ee7d00000)]
  0x0000020bfef193b0 JavaThread "Signal Dispatcher" daemon [_thread_blocked, id=1172, stack(0x0000002ee7d00000,0x0000002ee7e00000)]
  0x0000020bfef1bd80 JavaThread "Attach Listener" daemon [_thread_blocked, id=7896, stack(0x0000002ee7e00000,0x0000002ee7f00000)]
  0x0000020bfef1e750 JavaThread "Service Thread" daemon [_thread_blocked, id=7824, stack(0x0000002ee7f00000,0x0000002ee8000000)]
=>0x0000020bff822530 JavaThread "C2 CompilerThread0" daemon [_thread_in_native, id=192, stack(0x0000002ee8000000,0x0000002ee8100000)]
  0x0000020bff899580 JavaThread "C1 CompilerThread0" daemon [_thread_blocked, id=7404, stack(0x0000002ee8100000,0x0000002ee8200000)]
  0x0000020bff89e250 JavaThread "Sweeper thread" daemon [_thread_blocked, id=6192, stack(0x0000002ee8200000,0x0000002ee8300000)]
  0x0000020bff9dadd0 JavaThread "Notification Thread" daemon [_thread_blocked, id=5560, stack(0x0000002ee8300000,0x0000002ee8400000)]
  0x0000020bff9ee530 JavaThread "Common-Cleaner" daemon [_thread_blocked, id=4800, stack(0x0000002ee8500000,0x0000002ee8600000)]
  0x0000020b91527db0 JavaThread "ReaderThread" [_thread_in_native, id=8860, stack(0x0000002ee8700000,0x0000002ee8800000)]

Other Threads:
  0x0000020bfee88500 VMThread "VM Thread" [stack: 0x0000002ee7a00000,0x0000002ee7b00000] [id=6408]
  0x0000020bff9db2a0 WatcherThread [stack: 0x0000002ee8400000,0x0000002ee8500000] [id=6584]
  0x0000020bf9089d70 GCTaskThread "GC Thread#0" [stack: 0x0000002ee7500000,0x0000002ee7600000] [id=4064]
  0x0000020bff9ff3e0 GCTaskThread "GC Thread#1" [stack: 0x0000002ee8600000,0x0000002ee8700000] [id=11020]
  0x0000020bf9092a50 ConcurrentGCThread "G1 Main Marker" [stack: 0x0000002ee7600000,0x0000002ee7700000] [id=5432]
  0x0000020bf90942d0 ConcurrentGCThread "G1 Conc#0" [stack: 0x0000002ee7700000,0x0000002ee7800000] [id=8660]
  0x0000020bf90d82e0 ConcurrentGCThread "G1 Refine#0" [stack: 0x0000002ee7800000,0x0000002ee7900000] [id=6868]
  0x0000020bf90da9c0 ConcurrentGCThread "G1 Young RemSet Sampling" [stack: 0x0000002ee7900000,0x0000002ee7a00000] [id=10828]

Threads with active compile tasks:
C2 CompilerThread0     9557 1799       4       jdk.internal.org.objectweb.asm.Frame::execute (2305 bytes)

VM state: not at safepoint (normal execution)

VM Mutex/Monitor currently owned by a thread: None

Heap address: 0x00000000c2800000, size: 984 MB, Compressed Oops mode: 32-bit
CDS disabled.
Compressed class space mapped at: 0x0000000100000000-0x0000000140000000, size: 1073741824
Narrow klass base: 0x0000000000000000, Narrow klass shift: 3, Narrow klass range: 0x140000000

GC Precious Log:
 CPUs: 2 total, 2 available
 Memory: 3935M
 Large Page Support: Disabled
 NUMA Support: Disabled
 Compressed Oops: Enabled (32-bit)
 Heap Region Size: 1M
 Heap Min Capacity: 8M
 Heap Initial Capacity: 62M
 Heap Max Capacity: 984M
 Pre-touch: Disabled
 Parallel Workers: 2
 Concurrent Workers: 1
 Concurrent Refinement Workers: 2
 Periodic GC: Disabled

Heap:
 garbage-first heap   total 63488K, used 12543K [0x00000000c2800000, 0x0000000100000000)
  region size 1024K, 7 young (7168K), 4 survivors (4096K)
 Metaspace       used 20784K, capacity 20968K, committed 21248K, reserved 1069056K
  class space    used 2184K, capacity 2248K, committed 2304K, reserved 1048576K

Heap Regions: E=young(eden), S=young(survivor), O=old, HS=humongous(starts), HC=humongous(continues), CS=collection set, F=free, OA=open archive, CA=closed archive, TAMS=top-at-mark-start (previous, next)
|   0|0x00000000c2800000, 0x00000000c2900000, 0x00000000c2900000|100%|HS|  |TAMS 0x00000000c2800000, 0x00000000c2800000| Complete 
|   1|0x00000000c2900000, 0x00000000c2a00000, 0x00000000c2a00000|100%| O|  |TAMS 0x00000000c2900000, 0x00000000c2900000| Untracked 
|   2|0x00000000c2a00000, 0x00000000c2b00000, 0x00000000c2b00000|100%| O|  |TAMS 0x00000000c2a00000, 0x00000000c2a00000| Untracked 
|   3|0x00000000c2b00000, 0x00000000c2c00000, 0x00000000c2c00000|100%| O|  |TAMS 0x00000000c2b00000, 0x00000000c2b00000| Untracked 
|   4|0x00000000c2c00000, 0x00000000c2d00000, 0x00000000c2d00000|100%| O|  |TAMS 0x00000000c2c00000, 0x00000000c2c00000| Untracked 
|   5|0x00000000c2d00000, 0x00000000c2e00000, 0x00000000c2e00000|100%| O|  |TAMS 0x00000000c2d00000, 0x00000000c2d00000| Untracked 
|   6|0x00000000c2e00000, 0x00000000c2e6c200, 0x00000000c2f00000| 42%| O|  |TAMS 0x00000000c2e00000, 0x00000000c2e00000| Untracked 
|   7|0x00000000c2f00000, 0x00000000c2f00000, 0x00000000c3000000|  0%| F|  |TAMS 0x00000000c2f00000, 0x00000000c2f00000| Untracked 
|   8|0x00000000c3000000, 0x00000000c3000000, 0x00000000c3100000|  0%| F|  |TAMS 0x00000000c3000000, 0x00000000c3000000| Untracked 
|   9|0x00000000c3100000, 0x00000000c3100000, 0x00000000c3200000|  0%| F|  |TAMS 0x00000000c3100000, 0x00000000c3100000| Untracked 
|  10|0x00000000c3200000, 0x00000000c3200000, 0x00000000c3300000|  0%| F|  |TAMS 0x00000000c3200000, 0x00000000c3200000| Untracked 
|  11|0x00000000c3300000, 0x00000000c3300000, 0x00000000c3400000|  0%| F|  |TAMS 0x00000000c3300000, 0x00000000c3300000| Untracked 
|  12|0x00000000c3400000, 0x00000000c3400000, 0x00000000c3500000|  0%| F|  |TAMS 0x00000000c3400000, 0x00000000c3400000| Untracked 
|  13|0x00000000c3500000, 0x00000000c3500000, 0x00000000c3600000|  0%| F|  |TAMS 0x00000000c3500000, 0x00000000c3500000| Untracked 
|  14|0x00000000c3600000, 0x00000000c3600000, 0x00000000c3700000|  0%| F|  |TAMS 0x00000000c3600000, 0x00000000c3600000| Untracked 
|  15|0x00000000c3700000, 0x00000000c3700000, 0x00000000c3800000|  0%| F|  |TAMS 0x00000000c3700000, 0x00000000c3700000| Untracked 
|  16|0x00000000c3800000, 0x00000000c3800000, 0x00000000c3900000|  0%| F|  |TAMS 0x00000000c3800000, 0x00000000c3800000| Untracked 
|  17|0x00000000c3900000, 0x00000000c3900000, 0x00000000c3a00000|  0%| F|  |TAMS 0x00000000c3900000, 0x00000000c3900000| Untracked 
|  18|0x00000000c3a00000, 0x00000000c3a00000, 0x00000000c3b00000|  0%| F|  |TAMS 0x00000000c3a00000, 0x00000000c3a00000| Untracked 
|  19|0x00000000c3b00000, 0x00000000c3b00000, 0x00000000c3c00000|  0%| F|  |TAMS 0x00000000c3b00000, 0x00000000c3b00000| Untracked 
|  20|0x00000000c3c00000, 0x00000000c3c00000, 0x00000000c3d00000|  0%| F|  |TAMS 0x00000000c3c00000, 0x00000000c3c00000| Untracked 
|  21|0x00000000c3d00000, 0x00000000c3d00000, 0x00000000c3e00000|  0%| F|  |TAMS 0x00000000c3d00000, 0x00000000c3d00000| Untracked 
|  22|0x00000000c3e00000, 0x00000000c3e00000, 0x00000000c3f00000|  0%| F|  |TAMS 0x00000000c3e00000, 0x00000000c3e00000| Untracked 
|  23|0x00000000c3f00000, 0x00000000c3f00000, 0x00000000c4000000|  0%| F|  |TAMS 0x00000000c3f00000, 0x00000000c3f00000| Untracked 
|  24|0x00000000c4000000, 0x00000000c4000000, 0x00000000c4100000|  0%| F|  |TAMS 0x00000000c4000000, 0x00000000c4000000| Untracked 
|  25|0x00000000c4100000, 0x00000000c4100000, 0x00000000c4200000|  0%| F|  |TAMS 0x00000000c4100000, 0x00000000c4100000| Untracked 
|  26|0x00000000c4200000, 0x00000000c4200000, 0x00000000c4300000|  0%| F|  |TAMS 0x00000000c4200000, 0x00000000c4200000| Untracked 
|  27|0x00000000c4300000, 0x00000000c4300000, 0x00000000c4400000|  0%| F|  |TAMS 0x00000000c4300000, 0x00000000c4300000| Untracked 
|  28|0x00000000c4400000, 0x00000000c4400000, 0x00000000c4500000|  0%| F|  |TAMS 0x00000000c4400000, 0x00000000c4400000| Untracked 
|  29|0x00000000c4500000, 0x00000000c4500000, 0x00000000c4600000|  0%| F|  |TAMS 0x00000000c4500000, 0x00000000c4500000| Untracked 
|  30|0x00000000c4600000, 0x00000000c4600000, 0x00000000c4700000|  0%| F|  |TAMS 0x00000000c4600000, 0x00000000c4600000| Untracked 
|  31|0x00000000c4700000, 0x00000000c4700000, 0x00000000c4800000|  0%| F|  |TAMS 0x00000000c4700000, 0x00000000c4700000| Untracked 
|  32|0x00000000c4800000, 0x00000000c4800000, 0x00000000c4900000|  0%| F|  |TAMS 0x00000000c4800000, 0x00000000c4800000| Untracked 
|  33|0x00000000c4900000, 0x00000000c49d3a58, 0x00000000c4a00000| 82%| S|CS|TAMS 0x00000000c4900000, 0x00000000c4900000| Complete 
|  34|0x00000000c4a00000, 0x00000000c4b00000, 0x00000000c4b00000|100%| S|CS|TAMS 0x00000000c4a00000, 0x00000000c4a00000| Complete 
|  35|0x00000000c4b00000, 0x00000000c4c00000, 0x00000000c4c00000|100%| S|CS|TAMS 0x00000000c4b00000, 0x00000000c4b00000| Complete 
|  36|0x00000000c4c00000, 0x00000000c4d00000, 0x00000000c4d00000|100%| S|CS|TAMS 0x00000000c4c00000, 0x00000000c4c00000| Complete 
|  37|0x00000000c4d00000, 0x00000000c4d00000, 0x00000000c4e00000|  0%| F|  |TAMS 0x00000000c4d00000, 0x00000000c4d00000| Untracked 
|  38|0x00000000c4e00000, 0x00000000c4e00000, 0x00000000c4f00000|  0%| F|  |TAMS 0x00000000c4e00000, 0x00000000c4e00000| Untracked 
|  39|0x00000000c4f00000, 0x00000000c4f00000, 0x00000000c5000000|  0%| F|  |TAMS 0x00000000c4f00000, 0x00000000c4f00000| Untracked 
|  40|0x00000000c5000000, 0x00000000c5000000, 0x00000000c5100000|  0%| F|  |TAMS 0x00000000c5000000, 0x00000000c5000000| Untracked 
|  41|0x00000000c5100000, 0x00000000c5100000, 0x00000000c5200000|  0%| F|  |TAMS 0x00000000c5100000, 0x00000000c5100000| Untracked 
|  42|0x00000000c5200000, 0x00000000c5200000, 0x00000000c5300000|  0%| F|  |TAMS 0x00000000c5200000, 0x00000000c5200000| Untracked 
|  43|0x00000000c5300000, 0x00000000c5300000, 0x00000000c5400000|  0%| F|  |TAMS 0x00000000c5300000, 0x00000000c5300000| Untracked 
|  44|0x00000000c5400000, 0x00000000c5400000, 0x00000000c5500000|  0%| F|  |TAMS 0x00000000c5400000, 0x00000000c5400000| Untracked 
|  45|0x00000000c5500000, 0x00000000c5500000, 0x00000000c5600000|  0%| F|  |TAMS 0x00000000c5500000, 0x00000000c5500000| Untracked 
|  46|0x00000000c5600000, 0x00000000c5600000, 0x00000000c5700000|  0%| F|  |TAMS 0x00000000c5600000, 0x00000000c5600000| Untracked 
|  47|0x00000000c5700000, 0x00000000c5700000, 0x00000000c5800000|  0%| F|  |TAMS 0x00000000c5700000, 0x00000000c5700000| Untracked 
|  48|0x00000000c5800000, 0x00000000c5800000, 0x00000000c5900000|  0%| F|  |TAMS 0x00000000c5800000, 0x00000000c5800000| Untracked 
|  49|0x00000000c5900000, 0x00000000c5900000, 0x00000000c5a00000|  0%| F|  |TAMS 0x00000000c5900000, 0x00000000c5900000| Untracked 
|  50|0x00000000c5a00000, 0x00000000c5a00000, 0x00000000c5b00000|  0%| F|  |TAMS 0x00000000c5a00000, 0x00000000c5a00000| Untracked 
|  51|0x00000000c5b00000, 0x00000000c5b00000, 0x00000000c5c00000|  0%| F|  |TAMS 0x00000000c5b00000, 0x00000000c5b00000| Untracked 
|  52|0x00000000c5c00000, 0x00000000c5c00000, 0x00000000c5d00000|  0%| F|  |TAMS 0x00000000c5c00000, 0x00000000c5c00000| Untracked 
|  53|0x00000000c5d00000, 0x00000000c5d00000, 0x00000000c5e00000|  0%| F|  |TAMS 0x00000000c5d00000, 0x00000000c5d00000| Untracked 
|  54|0x00000000c5e00000, 0x00000000c5e00000, 0x00000000c5f00000|  0%| F|  |TAMS 0x00000000c5e00000, 0x00000000c5e00000| Untracked 
|  55|0x00000000c5f00000, 0x00000000c5f00000, 0x00000000c6000000|  0%| F|  |TAMS 0x00000000c5f00000, 0x00000000c5f00000| Untracked 
|  56|0x00000000c6000000, 0x00000000c6000000, 0x00000000c6100000|  0%| F|  |TAMS 0x00000000c6000000, 0x00000000c6000000| Untracked 
|  57|0x00000000c6100000, 0x00000000c6100000, 0x00000000c6200000|  0%| F|  |TAMS 0x00000000c6100000, 0x00000000c6100000| Untracked 
|  58|0x00000000c6200000, 0x00000000c6200000, 0x00000000c6300000|  0%| F|  |TAMS 0x00000000c6200000, 0x00000000c6200000| Untracked 
|  59|0x00000000c6300000, 0x00000000c6400000, 0x00000000c6400000|100%| E|  |TAMS 0x00000000c6300000, 0x00000000c6300000| Complete 
|  60|0x00000000c6400000, 0x00000000c6500000, 0x00000000c6500000|100%| E|CS|TAMS 0x00000000c6400000, 0x00000000c6400000| Complete 
|  61|0x00000000c6500000, 0x00000000c6600000, 0x00000000c6600000|100%| E|CS|TAMS 0x00000000c6500000, 0x00000000c6500000| Complete 

Card table byte_map: [0x0000020bf8e10000,0x0000020bf9000000] _byte_map_base: 0x0000020bf87fc000

Marking Bits (Prev, Next): (CMBitMap*) 0x0000020bf908a4f0, (CMBitMap*) 0x0000020bf908a530
 Prev Bits: [0x0000020bfcc40000, 0x0000020bfdba0000)
 Next Bits: [0x0000020bfdba0000, 0x0000020bfeb00000)

Polling page: 0x0000020bf6ed0000

Metaspace:

Usage:
  Non-class:     18.28 MB capacity,    18.16 MB (>99%) used,    98.89 KB ( <1%) free+waste,    21.38 KB ( <1%) overhead. 
      Class:      2.20 MB capacity,     2.13 MB ( 97%) used,    56.30 KB (  3%) free+waste,     7.44 KB ( <1%) overhead. 
       Both:     20.48 MB capacity,    20.30 MB (>99%) used,   155.19 KB ( <1%) free+waste,    28.81 KB ( <1%) overhead. 

Virtual space:
  Non-class space:       20.00 MB reserved,      18.50 MB ( 93%) committed 
      Class space:        1.00 GB reserved,       2.25 MB ( <1%) committed 
             Both:        1.02 GB reserved,      20.75 MB (  2%) committed 

Chunk freelists:
   Non-Class:  32.00 KB
       Class:  24.00 KB
        Both:  56.00 KB

MaxMetaspaceSize: 17179869184.00 GB
CompressedClassSpaceSize: 1.00 GB

CodeHeap 'non-profiled nmethods': size=120064Kb used=753Kb max_used=753Kb free=119310Kb
 bounds [0x0000020b87ac0000, 0x0000020b87d30000, 0x0000020b8f000000]
CodeHeap 'profiled nmethods': size=120000Kb used=3541Kb max_used=3541Kb free=116458Kb
 bounds [0x0000020b80590000, 0x0000020b80910000, 0x0000020b87ac0000]
CodeHeap 'non-nmethods': size=5696Kb used=1193Kb max_used=1216Kb free=4503Kb
 bounds [0x0000020b80000000, 0x0000020b80270000, 0x0000020b80590000]
 total_blobs=2267 nmethods=1815 adapters=365
 compilation: enabled
              stopped_count=0, restarted_count=0
 full_count=0

Compilation events (20 events):
Event: 9.478 Thread 0x0000020bff899580 1808       3       java.util.concurrent.locks.ReentrantLock::unlock (10 bytes)
Event: 9.479 Thread 0x0000020bff899580 nmethod 1808 0x0000020b808ffc90 code [0x0000020b808ffe40, 0x0000020b809000f8]
Event: 9.479 Thread 0x0000020bff899580 1809       3       java.util.concurrent.locks.AbstractQueuedSynchronizer::release (19 bytes)
Event: 9.480 Thread 0x0000020bff899580 nmethod 1809 0x0000020b80900210 code [0x0000020b809003e0, 0x0000020b809007e8]
Event: 9.480 Thread 0x0000020bff899580 1810       3       java.util.concurrent.locks.ReentrantLock$Sync::tryRelease (51 bytes)
Event: 9.481 Thread 0x0000020bff899580 nmethod 1810 0x0000020b80900990 code [0x0000020b80900b40, 0x0000020b80900e68]
Event: 9.481 Thread 0x0000020bff899580 1811       3       java.util.concurrent.locks.AbstractQueuedSynchronizer::signalNext (34 bytes)
Event: 9.481 Thread 0x0000020bff899580 nmethod 1811 0x0000020b80900f90 code [0x0000020b80901160, 0x0000020b809013d8]
Event: 9.481 Thread 0x0000020bff899580 1812       3       java.util.ArrayList$Itr::checkForComodification (23 bytes)
Event: 9.482 Thread 0x0000020bff899580 nmethod 1812 0x0000020b80901590 code [0x0000020b80901740, 0x0000020b80901948]
Event: 9.483 Thread 0x0000020bff899580 1813       3       java.util.concurrent.locks.ReentrantLock::lock (8 bytes)
Event: 9.483 Thread 0x0000020bff899580 nmethod 1813 0x0000020b80901a90 code [0x0000020b80901c40, 0x0000020b80901ed8]
Event: 9.483 Thread 0x0000020bff899580 1814       3       java.util.concurrent.locks.ReentrantLock$Sync::lock (13 bytes)
Event: 9.484 Thread 0x0000020bff899580 nmethod 1814 0x0000020b80902010 code [0x0000020b809021c0, 0x0000020b809023f8]
Event: 9.484 Thread 0x0000020bff899580 1815       3       org.springframework.util.ConcurrentReferenceHashMap$ReferenceManager::createReference (43 bytes)
Event: 9.485 Thread 0x0000020bff899580 nmethod 1815 0x0000020b80902490 code [0x0000020b80902680, 0x0000020b80902be8]
Event: 9.485 Thread 0x0000020bff899580 1816       3       java.util.ArrayList$Itr::next (66 bytes)
Event: 9.486 Thread 0x0000020bff899580 nmethod 1816 0x0000020b80902e10 code [0x0000020b80903000, 0x0000020b809034c8]
Event: 9.487 Thread 0x0000020bff899580 1817   !   3       java.lang.Class::getEnumConstantsShared (71 bytes)
Event: 9.489 Thread 0x0000020bff899580 nmethod 1817 0x0000020b80903710 code [0x0000020b80903a40, 0x0000020b80904dc8]

GC Heap History (10 events):
Event: 1.750 GC heap before
{Heap before GC invocations=0 (full 0):
 garbage-first heap   total 63488K, used 7168K [0x00000000c2800000, 0x0000000100000000)
  region size 1024K, 6 young (6144K), 0 survivors (0K)
 Metaspace       used 4761K, capacity 4792K, committed 5120K, reserved 1056768K
  class space    used 394K, capacity 424K, committed 512K, reserved 1048576K
}
Event: 1.759 GC heap after
{Heap after GC invocations=1 (full 0):
 garbage-first heap   total 63488K, used 5769K [0x00000000c2800000, 0x0000000100000000)
  region size 1024K, 1 young (1024K), 1 survivors (1024K)
 Metaspace       used 4761K, capacity 4792K, committed 5120K, reserved 1056768K
  class space    used 394K, capacity 424K, committed 512K, reserved 1048576K
}
Event: 2.055 GC heap before
{Heap before GC invocations=1 (full 0):
 garbage-first heap   total 63488K, used 7817K [0x00000000c2800000, 0x0000000100000000)
  region size 1024K, 3 young (3072K), 1 survivors (1024K)
 Metaspace       used 6375K, capacity 6471K, committed 6784K, reserved 1056768K
  class space    used 512K, capacity 561K, committed 640K, reserved 1048576K
}
Event: 2.060 GC heap after
{Heap after GC invocations=2 (full 0):
 garbage-first heap   total 63488K, used 6666K [0x00000000c2800000, 0x0000000100000000)
  region size 1024K, 1 young (1024K), 1 survivors (1024K)
 Metaspace       used 6375K, capacity 6471K, committed 6784K, reserved 1056768K
  class space    used 512K, capacity 561K, committed 640K, reserved 1048576K
}
Event: 3.195 GC heap before
{Heap before GC invocations=2 (full 0):
 garbage-first heap   total 63488K, used 12810K [0x00000000c2800000, 0x0000000100000000)
  region size 1024K, 7 young (7168K), 1 survivors (1024K)
 Metaspace       used 10523K, capacity 10632K, committed 10752K, reserved 1058816K
  class space    used 933K, capacity 986K, committed 1024K, reserved 1048576K
}
Event: 3.204 GC heap after
{Heap after GC invocations=3 (full 0):
 garbage-first heap   total 63488K, used 7427K [0x00000000c2800000, 0x0000000100000000)
  region size 1024K, 1 young (1024K), 1 survivors (1024K)
 Metaspace       used 10523K, capacity 10632K, committed 10752K, reserved 1058816K
  class space    used 933K, capacity 986K, committed 1024K, reserved 1048576K
}
Event: 5.387 GC heap before
{Heap before GC invocations=3 (full 0):
 garbage-first heap   total 63488K, used 20739K [0x00000000c2800000, 0x0000000100000000)
  region size 1024K, 14 young (14336K), 1 survivors (1024K)
 Metaspace       used 14192K, capacity 14323K, committed 14592K, reserved 1062912K
  class space    used 1410K, capacity 1465K, committed 1536K, reserved 1048576K
}
Event: 5.398 GC heap after
{Heap after GC invocations=4 (full 0):
 garbage-first heap   total 63488K, used 8548K [0x00000000c2800000, 0x0000000100000000)
  region size 1024K, 2 young (2048K), 2 survivors (2048K)
 Metaspace       used 14192K, capacity 14323K, committed 14592K, reserved 1062912K
  class space    used 1410K, capacity 1465K, committed 1536K, reserved 1048576K
}
Event: 8.729 GC heap before
{Heap before GC invocations=4 (full 0):
 garbage-first heap   total 63488K, used 32100K [0x00000000c2800000, 0x0000000100000000)
  region size 1024K, 25 young (25600K), 2 survivors (2048K)
 Metaspace       used 20230K, capacity 20420K, committed 20608K, reserved 1067008K
  class space    used 2108K, capacity 2151K, committed 2176K, reserved 1048576K
}
Event: 8.745 GC heap after
{Heap after GC invocations=5 (full 0):
 garbage-first heap   total 63488K, used 10495K [0x00000000c2800000, 0x0000000100000000)
  region size 1024K, 4 young (4096K), 4 survivors (4096K)
 Metaspace       used 20230K, capacity 20420K, committed 20608K, reserved 1067008K
  class space    used 2108K, capacity 2151K, committed 2176K, reserved 1048576K
}

Deoptimization events (20 events):
Event: 6.660 Thread 0x0000020bf905dda0 DEOPT PACKING pc=0x0000020b87b0de9c sp=0x0000002ee74fca10
Event: 6.660 Thread 0x0000020bf905dda0 DEOPT UNPACKING pc=0x0000020b8004e12f sp=0x0000002ee74fc9d8 mode 2
Event: 6.661 Thread 0x0000020bf905dda0 Uncommon trap: trap_request=0xffffff45 fr.pc=0x0000020b87b40cbc relative=0x000000000000069c
Event: 6.661 Thread 0x0000020bf905dda0 Uncommon trap: reason=unstable_if action=reinterpret pc=0x0000020b87b40cbc method=java.util.zip.ZipCoder.normalizedHash(Ljava/lang/String;)I @ 23 c2
Event: 6.661 Thread 0x0000020bf905dda0 DEOPT PACKING pc=0x0000020b87b40cbc sp=0x0000002ee74fcb20
Event: 6.661 Thread 0x0000020bf905dda0 DEOPT UNPACKING pc=0x0000020b8004e12f sp=0x0000002ee74fc9c0 mode 2
Event: 6.662 Thread 0x0000020bf905dda0 Uncommon trap: trap_request=0xffffff45 fr.pc=0x0000020b87af7a20 relative=0x0000000000000200
Event: 6.662 Thread 0x0000020bf905dda0 Uncommon trap: reason=unstable_if action=reinterpret pc=0x0000020b87af7a20 method=java.util.zip.ZipCoder.normalizedHash(Ljava/lang/String;)I @ 23 c2
Event: 6.662 Thread 0x0000020bf905dda0 DEOPT PACKING pc=0x0000020b87af7a20 sp=0x0000002ee74fc9c0
Event: 6.662 Thread 0x0000020bf905dda0 DEOPT UNPACKING pc=0x0000020b8004e12f sp=0x0000002ee74fc950 mode 2
Event: 7.183 Thread 0x0000020bf905dda0 Uncommon trap: trap_request=0xffffff45 fr.pc=0x0000020b87b193b0 relative=0x0000000000000090
Event: 7.183 Thread 0x0000020bf905dda0 Uncommon trap: reason=unstable_if action=reinterpret pc=0x0000020b87b193b0 method=sun.reflect.generics.parser.SignatureParser.current()C @ 39 c2
Event: 7.183 Thread 0x0000020bf905dda0 DEOPT PACKING pc=0x0000020b87b193b0 sp=0x0000002ee74fbbb0
Event: 7.183 Thread 0x0000020bf905dda0 DEOPT UNPACKING pc=0x0000020b8004e12f sp=0x0000002ee74fbb48 mode 2
Event: 7.306 Thread 0x0000020bf905dda0 DEOPT PACKING pc=0x0000020b806fef6f sp=0x0000002ee74fc210
Event: 7.306 Thread 0x0000020bf905dda0 DEOPT UNPACKING pc=0x0000020b8004df3f sp=0x0000002ee74fb698 mode 0
Event: 7.891 Thread 0x0000020bf905dda0 DEOPT PACKING pc=0x0000020b80890248 sp=0x0000002ee74fbf60
Event: 7.891 Thread 0x0000020bf905dda0 DEOPT UNPACKING pc=0x0000020b8004df3f sp=0x0000002ee74fb468 mode 0
Event: 8.282 Thread 0x0000020bf905dda0 DEOPT PACKING pc=0x0000020b806fef6f sp=0x0000002ee74fb470
Event: 8.282 Thread 0x0000020bf905dda0 DEOPT UNPACKING pc=0x0000020b8004df3f sp=0x0000002ee74fa8f8 mode 0

Classes unloaded (0 events):
No events

Classes redefined (0 events):
No events

Internal exceptions (20 events):
Event: 5.024 Thread 0x0000020bf905dda0 Exception <a 'java/lang/IncompatibleClassChangeError'{0x00000000c5bb9d98}: Found class java.lang.Object, but interface was expected> (0x00000000c5bb9d98) 
thrown [./open/src/hotspot/share/interpreter/linkResolver.cpp, line 848]
Event: 5.035 Thread 0x0000020bf905dda0 Exception <a 'java/lang/NoSuchMethodError'{0x00000000c5bd4aa8}: 'void java.lang.invoke.DirectMethodHandle$Holder.invokeStatic(java.lang.Object, java.lang.Object, java.lang.Object, java.lang.Object)'> (0x00000000c5bd4aa8) 
thrown [./open/src/hotspot/share/interpreter/linkResolver.cpp, line 782]
Event: 5.100 Thread 0x0000020bf905dda0 Exception <a 'java/lang/NoSuchMethodError'{0x00000000c5a4c718}: 'int java.lang.invoke.DirectMethodHandle$Holder.invokeStatic(java.lang.Object, java.lang.Object, java.lang.Object, java.lang.Object)'> (0x00000000c5a4c718) 
thrown [./open/src/hotspot/share/interpreter/linkResolver.cpp, line 782]
Event: 5.101 Thread 0x0000020bf905dda0 Exception <a 'java/lang/NoSuchMethodError'{0x00000000c5a50270}: 'java.lang.Object java.lang.invoke.Invokers$Holder.invokeExact_MT(java.lang.Object, java.lang.Object, java.lang.Object, java.lang.Object, java.lang.Object, java.lang.Object)'> (0x00000000c5a50270) 
thrown [./open/src/hotspot/share/interpreter/linkResolver.cpp, line 782]
Event: 5.105 Thread 0x0000020bf905dda0 Exception <a 'java/lang/NoSuchMethodError'{0x00000000c5a60910}: 'int java.lang.invoke.DirectMethodHandle$Holder.invokeStatic(java.lang.Object, java.lang.Object, java.lang.Object, java.lang.Object, java.lang.Object)'> (0x00000000c5a60910) 
thrown [./open/src/hotspot/share/interpreter/linkResolver.cpp, line 782]
Event: 5.273 Thread 0x0000020bf905dda0 Exception <a 'java/lang/NoSuchMethodError'{0x00000000c59bcf58}: 'int java.lang.invoke.DirectMethodHandle$Holder.invokeStaticInit(java.lang.Object, java.lang.Object, java.lang.Object)'> (0x00000000c59bcf58) 
thrown [./open/src/hotspot/share/interpreter/linkResolver.cpp, line 782]
Event: 5.312 Thread 0x0000020bf905dda0 Exception <a 'java/lang/NoSuchMethodError'{0x00000000c59fd620}: 'int java.lang.invoke.DirectMethodHandle$Holder.invokeStaticInit(java.lang.Object, java.lang.Object)'> (0x00000000c59fd620) 
thrown [./open/src/hotspot/share/interpreter/linkResolver.cpp, line 782]
Event: 5.654 Thread 0x0000020bf905dda0 Exception <a 'java/lang/ClassNotFoundException'{0x00000000c624b8a0}: javax/smartcardio/CardPermission> (0x00000000c624b8a0) 
thrown [./open/src/hotspot/share/classfile/systemDictionary.cpp, line 295]
Event: 5.663 Thread 0x0000020bf905dda0 Exception <a 'java/io/FileNotFoundException'{0x00000000c625a438}> (0x00000000c625a438) 
thrown [./open/src/hotspot/share/prims/jni.cpp, line 578]
Event: 5.963 Thread 0x0000020bf905dda0 Exception <a 'java/lang/NoSuchMethodError'{0x00000000c60671e0}: 'org.slf4j.impl.StaticMDCBinder org.slf4j.impl.StaticMDCBinder.getSingleton()'> (0x00000000c60671e0) 
thrown [./open/src/hotspot/share/interpreter/linkResolver.cpp, line 782]
Event: 6.028 Thread 0x0000020bf905dda0 Exception <a 'java/lang/IncompatibleClassChangeError'{0x00000000c5f0f7f8}: Found class java.lang.Object, but interface was expected> (0x00000000c5f0f7f8) 
thrown [./open/src/hotspot/share/interpreter/linkResolver.cpp, line 848]
Event: 6.127 Thread 0x0000020bf905dda0 Implicit null exception at 0x0000020b87b09a58 to 0x0000020b87b09ae6
Event: 6.127 Thread 0x0000020bf905dda0 Implicit null exception at 0x0000020b87aee92f to 0x0000020b87aee9a1
Event: 6.159 Thread 0x0000020bf905dda0 Exception <a 'java/lang/NoSuchMethodError'{0x00000000c5eb8b70}: 'int java.lang.invoke.DirectMethodHandle$Holder.invokeInterface(java.lang.Object, java.lang.Object)'> (0x00000000c5eb8b70) 
thrown [./open/src/hotspot/share/interpreter/linkResolver.cpp, line 782]
Event: 7.065 Thread 0x0000020bf905dda0 Exception <a 'java/lang/NoSuchMethodError'{0x00000000c542dbb0}: 'void java.lang.invoke.DirectMethodHandle$Holder.invokeVirtual(java.lang.Object, java.lang.Object, java.lang.Object, java.lang.Object)'> (0x00000000c542dbb0) 
thrown [./open/src/hotspot/share/interpreter/linkResolver.cpp, line 782]
Event: 8.501 Thread 0x0000020bf905dda0 Exception <a 'java/lang/NoSuchMethodError'{0x00000000c4d7a1e8}: 'java.lang.Object java.lang.invoke.DirectMethodHandle$Holder.newInvokeSpecial(java.lang.Object, java.lang.Object, java.lang.Object, java.lang.Object, java.lang.Object, java.lang.Object, java.lang.Object)'> (0x00000000c4d7a1e8) 
thrown [./open/src/hotspot/share/interpreter/linkResolver.cpp, line 782]
Event: 8.502 Thread 0x0000020bf905dda0 Exception <a 'java/lang/NoSuchMethodError'{0x00000000c4d7efa0}: 'java.lang.Object java.lang.invoke.Invokers$Holder.linkToTargetMethod(java.lang.Object, java.lang.Object, java.lang.Object, java.lang.Object, java.lang.Object, java.lang.Object, java.lang.Object)'> (0x00000000c4d7efa0) 
thrown [./open/src/hotspot/share/interpreter/linkResolver.cpp, line 782]
Event: 8.505 Thread 0x0000020bf905dda0 Exception <a 'java/lang/NoSuchMethodError'{0x00000000c4d8abb8}: 'java.lang.Object java.lang.invoke.DirectMethodHandle$Holder.invokeInterface(java.lang.Object, java.lang.Object, java.lang.Object, java.lang.Object, java.lang.Object)'> (0x00000000c4d8abb8) 
thrown [./open/src/hotspot/share/interpreter/linkResolver.cpp, line 782]
Event: 8.506 Thread 0x0000020bf905dda0 Exception <a 'java/lang/IncompatibleClassChangeError'{0x00000000c4d8ebb0}: Found class java.lang.Object, but interface was expected> (0x00000000c4d8ebb0) 
thrown [./open/src/hotspot/share/interpreter/linkResolver.cpp, line 848]
Event: 8.874 Thread 0x0000020bf905dda0 Exception <a 'java/lang/NoSuchMethodError'{0x00000000c65512b8}: 'int java.lang.invoke.DirectMethodHandle$Holder.invokeVirtual(java.lang.Object, java.lang.Object, java.lang.Object)'> (0x00000000c65512b8) 
thrown [./open/src/hotspot/share/interpreter/linkResolver.cpp, line 782]

Events (20 events):
Event: 8.339 loading class jdk/internal/reflect/UnsafeQualifiedStaticIntegerFieldAccessorImpl
Event: 8.355 loading class jdk/internal/reflect/UnsafeQualifiedStaticFieldAccessorImpl
Event: 8.356 loading class jdk/internal/reflect/UnsafeQualifiedStaticFieldAccessorImpl done
Event: 8.356 loading class jdk/internal/reflect/UnsafeQualifiedStaticIntegerFieldAccessorImpl done
Event: 8.408 loading class java/util/EventObject
Event: 8.409 loading class java/util/EventObject done
Event: 8.625 loading class java/util/ArrayList$ListItr
Event: 8.625 loading class java/util/ArrayList$ListItr done
Event: 8.625 Executing VM operation: HandshakeAllThreads
Event: 8.625 Executing VM operation: HandshakeAllThreads done
Event: 8.728 Executing VM operation: G1CollectForAllocation
Event: 8.747 Executing VM operation: G1CollectForAllocation done
Event: 8.969 loading class java/util/concurrent/CountDownLatch
Event: 8.970 loading class java/util/concurrent/CountDownLatch done
Event: 8.970 loading class java/util/concurrent/CountDownLatch$Sync
Event: 8.970 loading class java/util/concurrent/CountDownLatch$Sync done
Event: 9.175 loading class java/lang/StackTraceElement$HashedModules
Event: 9.192 loading class java/lang/StackTraceElement$HashedModules done
Event: 9.223 loading class java/nio/file/InvalidPathException
Event: 9.224 loading class java/nio/file/InvalidPathException done


Dynamic libraries:
0x00007ff75cf30000 - 0x00007ff75cf3d000 	C:\Users\ELCOT\.p2\pool\plugins\org.eclipse.justj.openjdk.hotspot.jre.full.win32.x86_64_15.0.2.v20210201-0955\jre\bin\javaw.exe
0x00007ffa8b2e0000 - 0x00007ffa8b4cd000 	C:\Windows\SYSTEM32\ntdll.dll
0x00007ffa890c0000 - 0x00007ffa89173000 	C:\Windows\System32\KERNEL32.DLL
0x00007ffa877e0000 - 0x00007ffa87a75000 	C:\Windows\System32\KERNELBASE.dll
0x00007ffa88400000 - 0x00007ffa884fa000 	C:\Windows\System32\ucrtbase.dll
0x00007ffa7f3b0000 - 0x00007ffa7f3c8000 	C:\Users\ELCOT\.p2\pool\plugins\org.eclipse.justj.openjdk.hotspot.jre.full.win32.x86_64_15.0.2.v20210201-0955\jre\bin\jli.dll
0x00007ffa89230000 - 0x00007ffa893c7000 	C:\Windows\System32\USER32.dll
0x00007ffa88340000 - 0x00007ffa88360000 	C:\Windows\System32\win32u.dll
0x00007ffa8b150000 - 0x00007ffa8b179000 	C:\Windows\System32\GDI32.dll
0x00007ffa875f0000 - 0x00007ffa8778c000 	C:\Windows\System32\gdi32full.dll
0x00007ffa88360000 - 0x00007ffa88400000 	C:\Windows\System32\msvcp_win.dll
0x00007ffa763e0000 - 0x00007ffa763f9000 	C:\Users\ELCOT\.p2\pool\plugins\org.eclipse.justj.openjdk.hotspot.jre.full.win32.x86_64_15.0.2.v20210201-0955\jre\bin\VCRUNTIME140.dll
0x00007ffa6ee40000 - 0x00007ffa6f0b9000 	C:\Windows\WinSxS\amd64_microsoft.windows.common-controls_6595b64144ccf1df_6.0.17763.1577_none_de7444545348a3d0\COMCTL32.dll
0x00007ffa885d0000 - 0x00007ffa8866e000 	C:\Windows\System32\msvcrt.dll
0x00007ffa88d90000 - 0x00007ffa890bd000 	C:\Windows\System32\combase.dll
0x00007ffa8b180000 - 0x00007ffa8b2a2000 	C:\Windows\System32\RPCRT4.dll
0x00007ffa87b30000 - 0x00007ffa87bae000 	C:\Windows\System32\bcryptPrimitives.dll
0x00007ffa89550000 - 0x00007ffa8957e000 	C:\Windows\System32\IMM32.DLL
0x00007ffa7f3a0000 - 0x00007ffa7f3ac000 	C:\Users\ELCOT\.p2\pool\plugins\org.eclipse.justj.openjdk.hotspot.jre.full.win32.x86_64_15.0.2.v20210201-0955\jre\bin\vcruntime140_1.dll
0x00007ffa65c50000 - 0x00007ffa65ce1000 	C:\Users\ELCOT\.p2\pool\plugins\org.eclipse.justj.openjdk.hotspot.jre.full.win32.x86_64_15.0.2.v20210201-0955\jre\bin\msvcp140.dll
0x00007ffa534d0000 - 0x00007ffa5402e000 	C:\Users\ELCOT\.p2\pool\plugins\org.eclipse.justj.openjdk.hotspot.jre.full.win32.x86_64_15.0.2.v20210201-0955\jre\bin\server\jvm.dll
0x00007ffa8b040000 - 0x00007ffa8b0e3000 	C:\Windows\System32\ADVAPI32.dll
0x00007ffa893e0000 - 0x00007ffa8947e000 	C:\Windows\System32\sechost.dll
0x00007ffa893d0000 - 0x00007ffa893d8000 	C:\Windows\System32\PSAPI.DLL
0x00007ffa72a10000 - 0x00007ffa72a19000 	C:\Windows\SYSTEM32\WSOCK32.dll
0x00007ffa88820000 - 0x00007ffa8888d000 	C:\Windows\System32\WS2_32.dll
0x00007ffa853b0000 - 0x00007ffa853d4000 	C:\Windows\SYSTEM32\WINMM.dll
0x00007ffa827a0000 - 0x00007ffa827aa000 	C:\Windows\SYSTEM32\VERSION.dll
0x00007ffa85380000 - 0x00007ffa853ad000 	C:\Windows\SYSTEM32\WINMMBASE.dll
0x00007ffa87790000 - 0x00007ffa877da000 	C:\Windows\System32\cfgmgr32.dll
0x00007ffa87370000 - 0x00007ffa87381000 	C:\Windows\System32\kernel.appcore.dll
0x00007ffa7f390000 - 0x00007ffa7f39a000 	C:\Users\ELCOT\.p2\pool\plugins\org.eclipse.justj.openjdk.hotspot.jre.full.win32.x86_64_15.0.2.v20210201-0955\jre\bin\jimage.dll
0x00007ffa7cf30000 - 0x00007ffa7d11d000 	C:\Windows\SYSTEM32\DBGHELP.DLL
0x00007ffa71d20000 - 0x00007ffa71d4a000 	C:\Windows\SYSTEM32\dbgcore.DLL
0x00007ffa7ee40000 - 0x00007ffa7ee65000 	C:\Users\ELCOT\.p2\pool\plugins\org.eclipse.justj.openjdk.hotspot.jre.full.win32.x86_64_15.0.2.v20210201-0955\jre\bin\java.dll
0x00007ffa7ef50000 - 0x00007ffa7ef68000 	C:\Users\ELCOT\.p2\pool\plugins\org.eclipse.justj.openjdk.hotspot.jre.full.win32.x86_64_15.0.2.v20210201-0955\jre\bin\zip.dll
0x00007ffa89ab0000 - 0x00007ffa8afa9000 	C:\Windows\System32\SHELL32.dll
0x00007ffa89180000 - 0x00007ffa89228000 	C:\Windows\System32\shcore.dll
0x00007ffa87bb0000 - 0x00007ffa88303000 	C:\Windows\System32\windows.storage.dll
0x00007ffa872e0000 - 0x00007ffa87304000 	C:\Windows\System32\profapi.dll
0x00007ffa87310000 - 0x00007ffa8736d000 	C:\Windows\System32\powrprof.dll
0x00007ffa894e0000 - 0x00007ffa89532000 	C:\Windows\System32\shlwapi.dll
0x00007ffa875d0000 - 0x00007ffa875e7000 	C:\Windows\System32\cryptsp.dll
0x00007ffa7ecb0000 - 0x00007ffa7ecc9000 	C:\Users\ELCOT\.p2\pool\plugins\org.eclipse.justj.openjdk.hotspot.jre.full.win32.x86_64_15.0.2.v20210201-0955\jre\bin\net.dll
0x00007ffa7bc00000 - 0x00007ffa7bcf4000 	C:\Windows\SYSTEM32\WINHTTP.dll
0x00007ffa86ad0000 - 0x00007ffa86b37000 	C:\Windows\system32\mswsock.dll
0x00007ffa7ec50000 - 0x00007ffa7ec62000 	C:\Users\ELCOT\.p2\pool\plugins\org.eclipse.justj.openjdk.hotspot.jre.full.win32.x86_64_15.0.2.v20210201-0955\jre\bin\nio.dll
0x00007ffa85430000 - 0x00007ffa85440000 	C:\Users\ELCOT\.p2\pool\plugins\org.eclipse.justj.openjdk.hotspot.jre.full.win32.x86_64_15.0.2.v20210201-0955\jre\bin\verify.dll
0x00007ffa867f0000 - 0x00007ffa8682d000 	C:\Windows\SYSTEM32\IPHLPAPI.DLL
0x00007ffa8afb0000 - 0x00007ffa8afb8000 	C:\Windows\System32\NSI.dll
0x00007ffa7dea0000 - 0x00007ffa7deb6000 	C:\Windows\SYSTEM32\dhcpcsvc6.DLL
0x00007ffa7e4a0000 - 0x00007ffa7e4bc000 	C:\Windows\SYSTEM32\dhcpcsvc.DLL
0x00007ffa86830000 - 0x00007ffa868f6000 	C:\Windows\SYSTEM32\DNSAPI.dll

dbghelp: loaded successfully - version: 4.0.5 - missing functions: none
symbol engine: initialized successfully - sym options: 0x614 - pdb path: .;C:\Users\ELCOT\.p2\pool\plugins\org.eclipse.justj.openjdk.hotspot.jre.full.win32.x86_64_15.0.2.v20210201-0955\jre\bin;C:\Windows\SYSTEM32;C:\Windows\WinSxS\amd64_microsoft.windows.common-controls_6595b64144ccf1df_6.0.17763.1577_none_de7444545348a3d0;C:\Users\ELCOT\.p2\pool\plugins\org.eclipse.justj.openjdk.hotspot.jre.full.win32.x86_64_15.0.2.v20210201-0955\jre\bin\server

VM Arguments:
jvm_args: -ea -Dfile.encoding=Cp1252 -XX:+ShowCodeDetailsInExceptionMessages 
java_command: org.eclipse.jdt.internal.junit.runner.RemoteTestRunner -version 3 -port 57574 -testLoaderClass org.eclipse.jdt.internal.junit5.runner.JUnit5TestLoader -loaderpluginname org.eclipse.jdt.junit5.runtime -classNames com.vl.info.UserServicesTest
java_class_path (initial): C:\Users\ELCOT\Desktop\Project\Online_vehicle_License\bin\main;C:\Users\ELCOT\Desktop\Project\Online_vehicle_License\bin\test;C:\Users\ELCOT\Desktop\Project\Online_vehicle_License\bin\default;C:\Users\ELCOT\.gradle\caches\modules-2\files-2.1\org.springframework.boot\spring-boot-starter-web\2.5.0\3103486844ed786b6ba420971ad137658a2da803\spring-boot-starter-web-2.5.0.jar;C:\Users\ELCOT\.gradle\caches\modules-2\files-2.1\org.springframework.boot\spring-boot-starter-data-jpa\2.5.0\84f42b4c2b85d59070d1b67c7e5b35a1f62c3e82\spring-boot-starter-data-jpa-2.5.0.jar;C:\Users\ELCOT\.gradle\caches\modules-2\files-2.1\org.assertj\assertj-core\3.15.0\b5b633545f357f576bd0661b302914a3951319d\assertj-core-3.15.0.jar;C:\Users\ELCOT\.gradle\caches\modules-2\files-2.1\org.hibernate\hibernate-core\5.4.13.Final\ccf1fb34349439b19056b9f81fb9738760ff5d76\hibernate-core-5.4.13.Final.jar;C:\Users\ELCOT\.gradle\caches\modules-2\files-2.1\org.springframework.boot\spring-boot-starter-json\2.5.0\3823529849c1b848e9623bbccc7c2dc7c3d51f93\spring-boot-starter-json-2.5.0.jar;C:\Users\ELCOT\.gradle\caches\modules-2\files-2.1\org.springframework.boot\spring-boot-starter-aop\2.5.0\7296891fa9032f7ac267da19732c043966216636\spring-boot-starter-aop-2.5.0.jar;C:\Users\ELCOT\.gradle\caches\modules-2\files-2.1\org.springframework.boot\spring-boot-starter-jdbc\2.5.0\850bf7c3dacf3d610bb9e7dca3685621539c7099\spring-boot-starter-jdbc-2.5.0.jar;C:\Users\ELCOT\.gradle\caches\modules-2\files-2.1\org.springframework.boot\spring-boot-starter\2.5.0\a910887c01efcc7d12f3f89a7604d436f26eeb90\spring-boot-starter-2.5.0.jar;C:\Users\ELCOT\.gradle\caches\modules-2\files-2.1\org.springframework.boot\spring-boot-starter-tomcat\2.5.0\3b93aeb708d3319522fb21409ec314ad4d2ef9b3\spring-boot-starter-tomcat-2.5.0.jar;C:\Users\ELCOT\.gradle\caches\modules-2\files-2.1\org.springframework\spring-webmvc\5.3.7\8437c7a572177a34607abdaef2f6b8088488f5c0\spring-webmvc-5.3.7.jar;C:\Users\ELCOT\.gradle\caches\modules-2\f
Launcher Type: SUN_STANDARD

[Global flags]
     intx CICompilerCount                          = 2                                         {product} {ergonomic}
     uint ConcGCThreads                            = 1                                         {product} {ergonomic}
     uint G1ConcRefinementThreads                  = 2                                         {product} {ergonomic}
   size_t G1HeapRegionSize                         = 1048576                                   {product} {ergonomic}
    uintx GCDrainStackTargetSize                   = 64                                        {product} {ergonomic}
   size_t InitialHeapSize                          = 65011712                                  {product} {ergonomic}
   size_t MarkStackSize                            = 4194304                                   {product} {ergonomic}
   size_t MaxHeapSize                              = 1031798784                                {product} {ergonomic}
   size_t MaxNewSize                               = 618659840                                 {product} {ergonomic}
   size_t MinHeapDeltaBytes                        = 1048576                                   {product} {ergonomic}
   size_t MinHeapSize                              = 8388608                                   {product} {ergonomic}
    uintx NonNMethodCodeHeapSize                   = 5826188                                {pd product} {ergonomic}
    uintx NonProfiledCodeHeapSize                  = 122916026                              {pd product} {ergonomic}
    uintx ProfiledCodeHeapSize                     = 122916026                              {pd product} {ergonomic}
    uintx ReservedCodeCacheSize                    = 251658240                              {pd product} {ergonomic}
     bool SegmentedCodeCache                       = true                                      {product} {ergonomic}
     bool ShowCodeDetailsInExceptionMessages       = true                                   {manageable} {command line}
   size_t SoftMaxHeapSize                          = 1031798784                             {manageable} {ergonomic}
     bool UseCompressedClassPointers               = true                                 {lp64_product} {ergonomic}
     bool UseCompressedOops                        = true                                 {lp64_product} {ergonomic}
     bool UseG1GC                                  = true                                      {product} {ergonomic}
     bool UseLargePagesIndividualAllocation        = false                                  {pd product} {ergonomic}

Logging:
Log output configuration:
 #0: stdout all=warning uptime,level,tags
 #1: stderr all=off uptime,level,tags

Environment Variables:
JAVA_HOME=C:\Program Files\Java\jdk1.8.0_291
PATH=C:/Users/ELCOT/.p2/pool/plugins/org.eclipse.justj.openjdk.hotspot.jre.full.win32.x86_64_15.0.2.v20210201-0955/jre/bin/server;C:/Users/ELCOT/.p2/pool/plugins/org.eclipse.justj.openjdk.hotspot.jre.full.win32.x86_64_15.0.2.v20210201-0955/jre/bin;C:\Program Files\Java\jdk1.8.0_291\bin;C:\gradle-7.0.2\bin;C:\Program Files\Git\cmd;C:\Users\ELCOT\AppData\Local\Microsoft\WindowsApps;;C:\Users\ELCOT\eclipse\java-2021-03\eclipse;
USERNAME=ELCOT
OS=Windows_NT
PROCESSOR_IDENTIFIER=AMD64 Family 21 Model 112 Stepping 0, AuthenticAMD



---------------  S Y S T E M  ---------------

OS:
 Windows 10 , 64 bit Build 17763 (10.0.17763.475)
OS uptime: 2 days 6:50 hours

CPU: total 2 (initial active 2) (2 cores per cpu, 1 threads per core) family 21 model 112 stepping 0 microcode 0x0, cmov, cx8, fxsr, mmx, sse, sse2, sse3, ssse3, sse4.1, sse4.2, popcnt, vzeroupper, avx, avx2, aes, clmul, 3dnowpref, lzcnt, sse4a, tsc, tscinvbit, tscinv, bmi1, bmi2, fma, clflush

Memory: 4k page, system-wide physical 3935M (518M free)
TotalPageFile size 8031M (AvailPageFile size 5M)
current process WorkingSet (physical memory assigned to process): 109M, peak: 109M
current process commit charge ("private bytes"): 164M, peak: 166M

vm_info: OpenJDK 64-Bit Server VM (15.0.2+7-27) for windows-amd64 JRE (15.0.2+7-27), built on Dec  7 2020 20:02:38 by "mach5one" with unknown MS VC++:1925

END.
