#
# There is insufficient memory for the Java Runtime Environment to continue.
# Native memory allocation (malloc) failed to allocate 844336 bytes for Chunk::new
# Possible reasons:
#   The system is out of physical RAM or swap space
#   The process is running with CompressedOops enabled, and the Java Heap may be blocking the growth of the native heap
# Possible solutions:
#   Reduce memory load on the system
#   Increase physical memory or swap space
#   Check if swap backing store is full
#   Decrease Java heap size (-Xmx/-Xms)
#   Decrease number of Java threads
#   Decrease Java thread stack sizes (-Xss)
#   Set larger code cache with -XX:ReservedCodeCacheSize=
#   JVM is running with Unscaled Compressed Oops mode in which the Java heap is
#     placed in the first 4GB address space. The Java Heap base address is the
#     maximum limit for the native heap growth. Please use -XX:HeapBaseMinAddress
#     to set the Java Heap base and to place the Java Heap above 4GB virtual address.
# This output file may be truncated or incomplete.
#
#  Out of Memory Error (./open/src/hotspot/share/memory/arena.cpp:195), pid=3416, tid=9040
#
# JRE version: OpenJDK Runtime Environment (15.0.2+7) (build 15.0.2+7-27)
# Java VM: OpenJDK 64-Bit Server VM (15.0.2+7-27, mixed mode, tiered, compressed oops, g1 gc, windows-amd64)
# No core dump will be written. Minidumps are not enabled by default on client versions of Windows
#

---------------  S U M M A R Y ------------

Command Line: -ea -Dfile.encoding=Cp1252 -XX:+ShowCodeDetailsInExceptionMessages org.eclipse.jdt.internal.junit.runner.RemoteTestRunner -version 3 -port 51406 -testLoaderClass org.eclipse.jdt.internal.junit5.runner.JUnit5TestLoader -loaderpluginname org.eclipse.jdt.junit5.runtime -classNames com.vl.info.UserServicesTest

Host: AMD PRO A4-4350B R4, 5 COMPUTE CORES 2C+3G     , 2 cores, 3G,  Windows 10 , 64 bit Build 17763 (10.0.17763.475)
Time: Wed Jun  9 15:24:04 2021 India Standard Time elapsed time: 10.829233 seconds (0d 0h 0m 10s)

---------------  T H R E A D  ---------------

Current thread (0x000001ea489872a0):  JavaThread "C2 CompilerThread0" daemon [_thread_in_native, id=9040, stack(0x0000007ca6d00000,0x0000007ca6e00000)]


Current CompileTask:
C2:  10829 1685       4       java.net.URLStreamHandler::parseURL (1201 bytes)

Stack: [0x0000007ca6d00000,0x0000007ca6e00000]
Native frames: (J=compiled Java code, j=interpreted, Vv=VM code, C=native code)
V  [jvm.dll+0x62ae9a]
V  [jvm.dll+0x7817a9]
V  [jvm.dll+0x782f03]
V  [jvm.dll+0x783563]
V  [jvm.dll+0x216325]
V  [jvm.dll+0x97f3a]
V  [jvm.dll+0x9861c]
V  [jvm.dll+0x32e2a8]
V  [jvm.dll+0x2f768a]
V  [jvm.dll+0x2f6a4a]
V  [jvm.dll+0x1ea705]
V  [jvm.dll+0x1e996e]
V  [jvm.dll+0x178567]
V  [jvm.dll+0x1f9225]
V  [jvm.dll+0x1f72cc]
V  [jvm.dll+0x74495d]
V  [jvm.dll+0x73d75a]
V  [jvm.dll+0x629c56]
C  [ucrtbase.dll+0x2268a]
C  [KERNEL32.DLL+0x17974]
C  [ntdll.dll+0x5a0b1]


---------------  P R O C E S S  ---------------

Threads class SMR info:
_java_thread_list=0x000001ea49b004a0, length=12, elements={
0x000001ea319ee9e0, 0x000001ea48959410, 0x000001ea4895a990, 0x000001ea48980740,
0x000001ea48981410, 0x000001ea48983de0, 0x000001ea489872a0, 0x000001ea4898c880,
0x000001ea49310040, 0x000001ea4945d730, 0x000001ea4947b1b0, 0x000001ea49b84940
}

Java Threads: ( => current thread )
  0x000001ea319ee9e0 JavaThread "main" [_thread_in_vm, id=1028, stack(0x0000007ca6100000,0x0000007ca6200000)]
  0x000001ea48959410 JavaThread "Reference Handler" daemon [_thread_blocked, id=3884, stack(0x0000007ca6800000,0x0000007ca6900000)]
  0x000001ea4895a990 JavaThread "Finalizer" daemon [_thread_blocked, id=9632, stack(0x0000007ca6900000,0x0000007ca6a00000)]
  0x000001ea48980740 JavaThread "Signal Dispatcher" daemon [_thread_blocked, id=2240, stack(0x0000007ca6a00000,0x0000007ca6b00000)]
  0x000001ea48981410 JavaThread "Attach Listener" daemon [_thread_blocked, id=7924, stack(0x0000007ca6b00000,0x0000007ca6c00000)]
  0x000001ea48983de0 JavaThread "Service Thread" daemon [_thread_blocked, id=1924, stack(0x0000007ca6c00000,0x0000007ca6d00000)]
=>0x000001ea489872a0 JavaThread "C2 CompilerThread0" daemon [_thread_in_native, id=9040, stack(0x0000007ca6d00000,0x0000007ca6e00000)]
  0x000001ea4898c880 JavaThread "C1 CompilerThread0" daemon [_thread_blocked, id=6624, stack(0x0000007ca6e00000,0x0000007ca6f00000)]
  0x000001ea49310040 JavaThread "Sweeper thread" daemon [_thread_blocked, id=8472, stack(0x0000007ca6f00000,0x0000007ca7000000)]
  0x000001ea4945d730 JavaThread "Notification Thread" daemon [_thread_blocked, id=9212, stack(0x0000007ca7000000,0x0000007ca7100000)]
  0x000001ea4947b1b0 JavaThread "Common-Cleaner" daemon [_thread_blocked, id=8316, stack(0x0000007ca7200000,0x0000007ca7300000)]
  0x000001ea49b84940 JavaThread "ReaderThread" [_thread_in_native, id=1288, stack(0x0000007ca7400000,0x0000007ca7500000)]

Other Threads:
  0x000001ea48941350 VMThread "VM Thread" [stack: 0x0000007ca6700000,0x0000007ca6800000] [id=11088]
  0x000001ea4945fc10 WatcherThread [stack: 0x0000007ca7100000,0x0000007ca7200000] [id=2028]
  0x000001ea31a1a8f0 GCTaskThread "GC Thread#0" [stack: 0x0000007ca6200000,0x0000007ca6300000] [id=9536]
  0x000001ea495cb040 GCTaskThread "GC Thread#1" [stack: 0x0000007ca7300000,0x0000007ca7400000] [id=6636]
  0x000001ea31a235d0 ConcurrentGCThread "G1 Main Marker" [stack: 0x0000007ca6300000,0x0000007ca6400000] [id=4444]
  0x000001ea31a24e50 ConcurrentGCThread "G1 Conc#0" [stack: 0x0000007ca6400000,0x0000007ca6500000] [id=3592]
  0x000001ea31a69de0 ConcurrentGCThread "G1 Refine#0" [stack: 0x0000007ca6500000,0x0000007ca6600000] [id=11076]
  0x000001ea31a6b4b0 ConcurrentGCThread "G1 Young RemSet Sampling" [stack: 0x0000007ca6600000,0x0000007ca6700000] [id=2044]

Threads with active compile tasks:
C2 CompilerThread0    11062 1685       4       java.net.URLStreamHandler::parseURL (1201 bytes)

VM state: not at safepoint (normal execution)

VM Mutex/Monitor currently owned by a thread: None

Heap address: 0x00000000c2800000, size: 984 MB, Compressed Oops mode: 32-bit
CDS disabled.
Compressed class space mapped at: 0x0000000100000000-0x0000000140000000, size: 1073741824
Narrow klass base: 0x0000000000000000, Narrow klass shift: 3, Narrow klass range: 0x140000000

GC Precious Log:
 CPUs: 2 total, 2 available
 Memory: 3935M
 Large Page Support: Disabled
 NUMA Support: Disabled
 Compressed Oops: Enabled (32-bit)
 Heap Region Size: 1M
 Heap Min Capacity: 8M
 Heap Initial Capacity: 62M
 Heap Max Capacity: 984M
 Pre-touch: Disabled
 Parallel Workers: 2
 Concurrent Workers: 1
 Concurrent Refinement Workers: 2
 Periodic GC: Disabled

Heap:
 garbage-first heap   total 63488K, used 25027K [0x00000000c2800000, 0x0000000100000000)
  region size 1024K, 19 young (19456K), 2 survivors (2048K)
 Metaspace       used 18440K, capacity 18615K, committed 18944K, reserved 1067008K
  class space    used 1890K, capacity 1955K, committed 2048K, reserved 1048576K

Heap Regions: E=young(eden), S=young(survivor), O=old, HS=humongous(starts), HC=humongous(continues), CS=collection set, F=free, OA=open archive, CA=closed archive, TAMS=top-at-mark-start (previous, next)
|   0|0x00000000c2800000, 0x00000000c2900000, 0x00000000c2900000|100%|HS|  |TAMS 0x00000000c2800000, 0x00000000c2800000| Complete 
|   1|0x00000000c2900000, 0x00000000c2a00000, 0x00000000c2a00000|100%| O|  |TAMS 0x00000000c2900000, 0x00000000c2900000| Untracked 
|   2|0x00000000c2a00000, 0x00000000c2b00000, 0x00000000c2b00000|100%| O|  |TAMS 0x00000000c2a00000, 0x00000000c2a00000| Untracked 
|   3|0x00000000c2b00000, 0x00000000c2c00000, 0x00000000c2c00000|100%| O|  |TAMS 0x00000000c2b00000, 0x00000000c2b00000| Untracked 
|   4|0x00000000c2c00000, 0x00000000c2d00000, 0x00000000c2d00000|100%| O|  |TAMS 0x00000000c2c00000, 0x00000000c2c00000| Untracked 
|   5|0x00000000c2d00000, 0x00000000c2e00000, 0x00000000c2e00000|100%| O|  |TAMS 0x00000000c2d00000, 0x00000000c2d00000| Untracked 
|   6|0x00000000c2e00000, 0x00000000c2e7a200, 0x00000000c2f00000| 47%| O|  |TAMS 0x00000000c2e00000, 0x00000000c2e00000| Untracked 
|   7|0x00000000c2f00000, 0x00000000c2f00000, 0x00000000c3000000|  0%| F|  |TAMS 0x00000000c2f00000, 0x00000000c2f00000| Untracked 
|   8|0x00000000c3000000, 0x00000000c3000000, 0x00000000c3100000|  0%| F|  |TAMS 0x00000000c3000000, 0x00000000c3000000| Untracked 
|   9|0x00000000c3100000, 0x00000000c3100000, 0x00000000c3200000|  0%| F|  |TAMS 0x00000000c3100000, 0x00000000c3100000| Untracked 
|  10|0x00000000c3200000, 0x00000000c3200000, 0x00000000c3300000|  0%| F|  |TAMS 0x00000000c3200000, 0x00000000c3200000| Untracked 
|  11|0x00000000c3300000, 0x00000000c3300000, 0x00000000c3400000|  0%| F|  |TAMS 0x00000000c3300000, 0x00000000c3300000| Untracked 
|  12|0x00000000c3400000, 0x00000000c3400000, 0x00000000c3500000|  0%| F|  |TAMS 0x00000000c3400000, 0x00000000c3400000| Untracked 
|  13|0x00000000c3500000, 0x00000000c3500000, 0x00000000c3600000|  0%| F|  |TAMS 0x00000000c3500000, 0x00000000c3500000| Untracked 
|  14|0x00000000c3600000, 0x00000000c3600000, 0x00000000c3700000|  0%| F|  |TAMS 0x00000000c3600000, 0x00000000c3600000| Untracked 
|  15|0x00000000c3700000, 0x00000000c3700000, 0x00000000c3800000|  0%| F|  |TAMS 0x00000000c3700000, 0x00000000c3700000| Untracked 
|  16|0x00000000c3800000, 0x00000000c3800000, 0x00000000c3900000|  0%| F|  |TAMS 0x00000000c3800000, 0x00000000c3800000| Untracked 
|  17|0x00000000c3900000, 0x00000000c3900000, 0x00000000c3a00000|  0%| F|  |TAMS 0x00000000c3900000, 0x00000000c3900000| Untracked 
|  18|0x00000000c3a00000, 0x00000000c3a00000, 0x00000000c3b00000|  0%| F|  |TAMS 0x00000000c3a00000, 0x00000000c3a00000| Untracked 
|  19|0x00000000c3b00000, 0x00000000c3b00000, 0x00000000c3c00000|  0%| F|  |TAMS 0x00000000c3b00000, 0x00000000c3b00000| Untracked 
|  20|0x00000000c3c00000, 0x00000000c3c00000, 0x00000000c3d00000|  0%| F|  |TAMS 0x00000000c3c00000, 0x00000000c3c00000| Untracked 
|  21|0x00000000c3d00000, 0x00000000c3d00000, 0x00000000c3e00000|  0%| F|  |TAMS 0x00000000c3d00000, 0x00000000c3d00000| Untracked 
|  22|0x00000000c3e00000, 0x00000000c3e00000, 0x00000000c3f00000|  0%| F|  |TAMS 0x00000000c3e00000, 0x00000000c3e00000| Untracked 
|  23|0x00000000c3f00000, 0x00000000c3f00000, 0x00000000c4000000|  0%| F|  |TAMS 0x00000000c3f00000, 0x00000000c3f00000| Untracked 
|  24|0x00000000c4000000, 0x00000000c4000000, 0x00000000c4100000|  0%| F|  |TAMS 0x00000000c4000000, 0x00000000c4000000| Untracked 
|  25|0x00000000c4100000, 0x00000000c4100000, 0x00000000c4200000|  0%| F|  |TAMS 0x00000000c4100000, 0x00000000c4100000| Untracked 
|  26|0x00000000c4200000, 0x00000000c4200000, 0x00000000c4300000|  0%| F|  |TAMS 0x00000000c4200000, 0x00000000c4200000| Untracked 
|  27|0x00000000c4300000, 0x00000000c4300000, 0x00000000c4400000|  0%| F|  |TAMS 0x00000000c4300000, 0x00000000c4300000| Untracked 
|  28|0x00000000c4400000, 0x00000000c4400000, 0x00000000c4500000|  0%| F|  |TAMS 0x00000000c4400000, 0x00000000c4400000| Untracked 
|  29|0x00000000c4500000, 0x00000000c4500000, 0x00000000c4600000|  0%| F|  |TAMS 0x00000000c4500000, 0x00000000c4500000| Untracked 
|  30|0x00000000c4600000, 0x00000000c4600000, 0x00000000c4700000|  0%| F|  |TAMS 0x00000000c4600000, 0x00000000c4600000| Untracked 
|  31|0x00000000c4700000, 0x00000000c4700000, 0x00000000c4800000|  0%| F|  |TAMS 0x00000000c4700000, 0x00000000c4700000| Untracked 
|  32|0x00000000c4800000, 0x00000000c4800000, 0x00000000c4900000|  0%| F|  |TAMS 0x00000000c4800000, 0x00000000c4800000| Untracked 
|  33|0x00000000c4900000, 0x00000000c4900000, 0x00000000c4a00000|  0%| F|  |TAMS 0x00000000c4900000, 0x00000000c4900000| Untracked 
|  34|0x00000000c4a00000, 0x00000000c4a00000, 0x00000000c4b00000|  0%| F|  |TAMS 0x00000000c4a00000, 0x00000000c4a00000| Untracked 
|  35|0x00000000c4b00000, 0x00000000c4b00000, 0x00000000c4c00000|  0%| F|  |TAMS 0x00000000c4b00000, 0x00000000c4b00000| Untracked 
|  36|0x00000000c4c00000, 0x00000000c4c00000, 0x00000000c4d00000|  0%| F|  |TAMS 0x00000000c4c00000, 0x00000000c4c00000| Untracked 
|  37|0x00000000c4d00000, 0x00000000c4d00000, 0x00000000c4e00000|  0%| F|  |TAMS 0x00000000c4d00000, 0x00000000c4d00000| Untracked 
|  38|0x00000000c4e00000, 0x00000000c4e00000, 0x00000000c4f00000|  0%| F|  |TAMS 0x00000000c4e00000, 0x00000000c4e00000| Untracked 
|  39|0x00000000c4f00000, 0x00000000c4f00000, 0x00000000c5000000|  0%| F|  |TAMS 0x00000000c4f00000, 0x00000000c4f00000| Untracked 
|  40|0x00000000c5000000, 0x00000000c5000000, 0x00000000c5100000|  0%| F|  |TAMS 0x00000000c5000000, 0x00000000c5000000| Untracked 
|  41|0x00000000c5100000, 0x00000000c5100000, 0x00000000c5200000|  0%| F|  |TAMS 0x00000000c5100000, 0x00000000c5100000| Untracked 
|  42|0x00000000c5200000, 0x00000000c5200000, 0x00000000c5300000|  0%| F|  |TAMS 0x00000000c5200000, 0x00000000c5200000| Untracked 
|  43|0x00000000c5300000, 0x00000000c5375398, 0x00000000c5400000| 45%| E|  |TAMS 0x00000000c5300000, 0x00000000c5300000| Complete 
|  44|0x00000000c5400000, 0x00000000c5500000, 0x00000000c5500000|100%| E|CS|TAMS 0x00000000c5400000, 0x00000000c5400000| Complete 
|  45|0x00000000c5500000, 0x00000000c5600000, 0x00000000c5600000|100%| E|CS|TAMS 0x00000000c5500000, 0x00000000c5500000| Complete 
|  46|0x00000000c5600000, 0x00000000c56f6d68, 0x00000000c5700000| 96%| S|CS|TAMS 0x00000000c5600000, 0x00000000c5600000| Complete 
|  47|0x00000000c5700000, 0x00000000c5800000, 0x00000000c5800000|100%| S|CS|TAMS 0x00000000c5700000, 0x00000000c5700000| Complete 
|  48|0x00000000c5800000, 0x00000000c5900000, 0x00000000c5900000|100%| E|CS|TAMS 0x00000000c5800000, 0x00000000c5800000| Complete 
|  49|0x00000000c5900000, 0x00000000c5a00000, 0x00000000c5a00000|100%| E|CS|TAMS 0x00000000c5900000, 0x00000000c5900000| Complete 
|  50|0x00000000c5a00000, 0x00000000c5b00000, 0x00000000c5b00000|100%| E|CS|TAMS 0x00000000c5a00000, 0x00000000c5a00000| Complete 
|  51|0x00000000c5b00000, 0x00000000c5c00000, 0x00000000c5c00000|100%| E|CS|TAMS 0x00000000c5b00000, 0x00000000c5b00000| Complete 
|  52|0x00000000c5c00000, 0x00000000c5d00000, 0x00000000c5d00000|100%| E|CS|TAMS 0x00000000c5c00000, 0x00000000c5c00000| Complete 
|  53|0x00000000c5d00000, 0x00000000c5e00000, 0x00000000c5e00000|100%| E|CS|TAMS 0x00000000c5d00000, 0x00000000c5d00000| Complete 
|  54|0x00000000c5e00000, 0x00000000c5f00000, 0x00000000c5f00000|100%| E|CS|TAMS 0x00000000c5e00000, 0x00000000c5e00000| Complete 
|  55|0x00000000c5f00000, 0x00000000c6000000, 0x00000000c6000000|100%| E|CS|TAMS 0x00000000c5f00000, 0x00000000c5f00000| Complete 
|  56|0x00000000c6000000, 0x00000000c6100000, 0x00000000c6100000|100%| E|CS|TAMS 0x00000000c6000000, 0x00000000c6000000| Complete 
|  57|0x00000000c6100000, 0x00000000c6200000, 0x00000000c6200000|100%| E|CS|TAMS 0x00000000c6100000, 0x00000000c6100000| Complete 
|  58|0x00000000c6200000, 0x00000000c6300000, 0x00000000c6300000|100%| E|CS|TAMS 0x00000000c6200000, 0x00000000c6200000| Complete 
|  59|0x00000000c6300000, 0x00000000c6400000, 0x00000000c6400000|100%| E|CS|TAMS 0x00000000c6300000, 0x00000000c6300000| Complete 
|  60|0x00000000c6400000, 0x00000000c6500000, 0x00000000c6500000|100%| E|CS|TAMS 0x00000000c6400000, 0x00000000c6400000| Complete 
|  61|0x00000000c6500000, 0x00000000c6600000, 0x00000000c6600000|100%| E|CS|TAMS 0x00000000c6500000, 0x00000000c6500000| Complete 

Card table byte_map: [0x000001ea443e0000,0x000001ea445d0000] _byte_map_base: 0x000001ea43dcc000

Marking Bits (Prev, Next): (CMBitMap*) 0x000001ea31a1b070, (CMBitMap*) 0x000001ea31a1b0b0
 Prev Bits: [0x000001ea447c0000, 0x000001ea45720000)
 Next Bits: [0x000001ea45720000, 0x000001ea46680000)

Polling page: 0x000001ea311a0000

Metaspace:

Usage:
  Non-class:     16.27 MB capacity,    16.16 MB (>99%) used,    89.02 KB ( <1%) free+waste,    18.63 KB ( <1%) overhead. 
      Class:      1.91 MB capacity,     1.85 MB ( 97%) used,    57.66 KB (  3%) free+waste,     6.56 KB ( <1%) overhead. 
       Both:     18.18 MB capacity,    18.01 MB (>99%) used,   146.69 KB ( <1%) free+waste,    25.19 KB ( <1%) overhead. 

Virtual space:
  Non-class space:       18.00 MB reserved,      16.50 MB ( 92%) committed 
      Class space:        1.00 GB reserved,       2.00 MB ( <1%) committed 
             Both:        1.02 GB reserved,      18.50 MB (  2%) committed 

Chunk freelists:
   Non-Class:  44.00 KB
       Class:  29.00 KB
        Both:  73.00 KB

MaxMetaspaceSize: 17179869184.00 GB
CompressedClassSpaceSize: 1.00 GB

CodeHeap 'non-profiled nmethods': size=120064Kb used=608Kb max_used=608Kb free=119455Kb
 bounds [0x000001ea3cea0000, 0x000001ea3d110000, 0x000001ea443e0000]
CodeHeap 'profiled nmethods': size=120000Kb used=3210Kb max_used=3210Kb free=116789Kb
 bounds [0x000001ea35970000, 0x000001ea35ca0000, 0x000001ea3cea0000]
CodeHeap 'non-nmethods': size=5696Kb used=1183Kb max_used=1210Kb free=4513Kb
 bounds [0x000001ea353e0000, 0x000001ea35650000, 0x000001ea35970000]
 total_blobs=2129 nmethods=1683 adapters=360
 compilation: enabled
              stopped_count=0, restarted_count=0
 full_count=0

Compilation events (20 events):
Event: 10.169 Thread 0x000001ea4898c880 nmethod 1673 0x000001ea35c8dc90 code [0x000001ea35c8de80, 0x000001ea35c8e418]
Event: 10.170 Thread 0x000001ea4898c880 1674       3       org.springframework.core.annotation.RepeatableContainers::standardRepeatables (4 bytes)
Event: 10.170 Thread 0x000001ea4898c880 nmethod 1674 0x000001ea35c8e590 code [0x000001ea35c8e720, 0x000001ea35c8e858]
Event: 10.170 Thread 0x000001ea4898c880 1675       3       org.springframework.core.annotation.RepeatableContainers$StandardRepeatableContainers::access$000 (4 bytes)
Event: 10.170 Thread 0x000001ea4898c880 nmethod 1675 0x000001ea35c8e910 code [0x000001ea35c8eaa0, 0x000001ea35c8eb98]
Event: 10.176 Thread 0x000001ea4898c880 1676       1       org.springframework.core.annotation.AnnotationTypeMapping::getDistance (5 bytes)
Event: 10.176 Thread 0x000001ea489872a0 1677       4       java.lang.reflect.Method::getParameterCount (6 bytes)
Event: 10.176 Thread 0x000001ea4898c880 nmethod 1676 0x000001ea3cf36610 code [0x000001ea3cf367a0, 0x000001ea3cf36858]
Event: 10.176 Thread 0x000001ea4898c880 1678       1       org.springframework.core.annotation.AnnotationTypeMapping::getAttributes (5 bytes)
Event: 10.176 Thread 0x000001ea4898c880 nmethod 1678 0x000001ea3cf36910 code [0x000001ea3cf36aa0, 0x000001ea3cf36b58]
Event: 10.177 Thread 0x000001ea489872a0 nmethod 1677 0x000001ea3cf36c10 code [0x000001ea3cf36d80, 0x000001ea3cf36df8]
Event: 10.183 Thread 0x000001ea4898c880 1679       3       jdk.internal.reflect.Reflection::verifyMemberAccess (200 bytes)
Event: 10.186 Thread 0x000001ea489872a0 1681       4       java.lang.Object::equals (11 bytes)
Event: 10.187 Thread 0x000001ea489872a0 nmethod 1681 0x000001ea3cf36f10 code [0x000001ea3cf37080, 0x000001ea3cf370f8]
Event: 10.189 Thread 0x000001ea4898c880 nmethod 1679 0x000001ea35c8ec10 code [0x000001ea35c8f140, 0x000001ea35c91978]
Event: 10.189 Thread 0x000001ea4898c880 1680       3       java.nio.ByteBuffer::limit (6 bytes)
Event: 10.189 Thread 0x000001ea4898c880 nmethod 1680 0x000001ea35c92510 code [0x000001ea35c926c0, 0x000001ea35c92868]
Event: 10.438 Thread 0x000001ea489872a0 1683       4       java.lang.String::indexOf (18 bytes)
Event: 10.442 Thread 0x000001ea489872a0 nmethod 1683 0x000001ea3cf37510 code [0x000001ea3cf376a0, 0x000001ea3cf37a18]
Event: 10.642 Thread 0x000001ea489872a0 1685       4       java.net.URLStreamHandler::parseURL (1201 bytes)

GC Heap History (8 events):
Event: 2.713 GC heap before
{Heap before GC invocations=0 (full 0):
 garbage-first heap   total 63488K, used 7168K [0x00000000c2800000, 0x0000000100000000)
  region size 1024K, 6 young (6144K), 0 survivors (0K)
 Metaspace       used 4763K, capacity 4856K, committed 5120K, reserved 1056768K
  class space    used 394K, capacity 424K, committed 512K, reserved 1048576K
}
Event: 2.728 GC heap after
{Heap after GC invocations=1 (full 0):
 garbage-first heap   total 63488K, used 5376K [0x00000000c2800000, 0x0000000100000000)
  region size 1024K, 1 young (1024K), 1 survivors (1024K)
 Metaspace       used 4763K, capacity 4856K, committed 5120K, reserved 1056768K
  class space    used 394K, capacity 424K, committed 512K, reserved 1048576K
}
Event: 3.166 GC heap before
{Heap before GC invocations=1 (full 0):
 garbage-first heap   total 63488K, used 7424K [0x00000000c2800000, 0x0000000100000000)
  region size 1024K, 3 young (3072K), 1 survivors (1024K)
 Metaspace       used 6376K, capacity 6471K, committed 6784K, reserved 1056768K
  class space    used 512K, capacity 561K, committed 640K, reserved 1048576K
}
Event: 3.173 GC heap after
{Heap after GC invocations=2 (full 0):
 garbage-first heap   total 63488K, used 6713K [0x00000000c2800000, 0x0000000100000000)
  region size 1024K, 1 young (1024K), 1 survivors (1024K)
 Metaspace       used 6376K, capacity 6471K, committed 6784K, reserved 1056768K
  class space    used 512K, capacity 561K, committed 640K, reserved 1048576K
}
Event: 4.446 GC heap before
{Heap before GC invocations=2 (full 0):
 garbage-first heap   total 63488K, used 12857K [0x00000000c2800000, 0x0000000100000000)
  region size 1024K, 7 young (7168K), 1 survivors (1024K)
 Metaspace       used 10517K, capacity 10632K, committed 10752K, reserved 1058816K
  class space    used 933K, capacity 986K, committed 1024K, reserved 1048576K
}
Event: 4.451 GC heap after
{Heap after GC invocations=3 (full 0):
 garbage-first heap   total 63488K, used 7461K [0x00000000c2800000, 0x0000000100000000)
  region size 1024K, 1 young (1024K), 1 survivors (1024K)
 Metaspace       used 10517K, capacity 10632K, committed 10752K, reserved 1058816K
  class space    used 933K, capacity 986K, committed 1024K, reserved 1048576K
}
Event: 6.531 GC heap before
{Heap before GC invocations=3 (full 0):
 garbage-first heap   total 63488K, used 20773K [0x00000000c2800000, 0x0000000100000000)
  region size 1024K, 14 young (14336K), 1 survivors (1024K)
 Metaspace       used 14185K, capacity 14323K, committed 14592K, reserved 1062912K
  class space    used 1410K, capacity 1465K, committed 1536K, reserved 1048576K
}
Event: 6.542 GC heap after
{Heap after GC invocations=4 (full 0):
 garbage-first heap   total 63488K, used 8643K [0x00000000c2800000, 0x0000000100000000)
  region size 1024K, 2 young (2048K), 2 survivors (2048K)
 Metaspace       used 14185K, capacity 14323K, committed 14592K, reserved 1062912K
  class space    used 1410K, capacity 1465K, committed 1536K, reserved 1048576K
}

Deoptimization events (20 events):
Event: 9.699 Thread 0x000001ea319ee9e0 Uncommon trap: trap_request=0xffffffc6 fr.pc=0x000001ea3cf073e8 relative=0x0000000000001288
Event: 9.699 Thread 0x000001ea319ee9e0 Uncommon trap: reason=bimorphic_or_optimized_type_check action=maybe_recompile pc=0x000001ea3cf073e8 method=java.util.HashMap.putVal(ILjava/lang/Object;Ljava/lang/Object;ZZ)Ljava/lang/Object; @ 56 c2
Event: 9.699 Thread 0x000001ea319ee9e0 DEOPT PACKING pc=0x000001ea3cf073e8 sp=0x0000007ca61fc3b0
Event: 9.699 Thread 0x000001ea319ee9e0 DEOPT UNPACKING pc=0x000001ea3542e12f sp=0x0000007ca61fc338 mode 2
Event: 9.699 Thread 0x000001ea319ee9e0 Uncommon trap: trap_request=0xffffffc6 fr.pc=0x000001ea3cf073e8 relative=0x0000000000001288
Event: 9.699 Thread 0x000001ea319ee9e0 Uncommon trap: reason=bimorphic_or_optimized_type_check action=maybe_recompile pc=0x000001ea3cf073e8 method=java.util.HashMap.putVal(ILjava/lang/Object;Ljava/lang/Object;ZZ)Ljava/lang/Object; @ 56 c2
Event: 9.699 Thread 0x000001ea319ee9e0 DEOPT PACKING pc=0x000001ea3cf073e8 sp=0x0000007ca61fc3b0
Event: 9.699 Thread 0x000001ea319ee9e0 DEOPT UNPACKING pc=0x000001ea3542e12f sp=0x0000007ca61fc338 mode 2
Event: 9.699 Thread 0x000001ea319ee9e0 Uncommon trap: trap_request=0xffffffc6 fr.pc=0x000001ea3cf073e8 relative=0x0000000000001288
Event: 9.699 Thread 0x000001ea319ee9e0 Uncommon trap: reason=bimorphic_or_optimized_type_check action=maybe_recompile pc=0x000001ea3cf073e8 method=java.util.HashMap.putVal(ILjava/lang/Object;Ljava/lang/Object;ZZ)Ljava/lang/Object; @ 56 c2
Event: 9.699 Thread 0x000001ea319ee9e0 DEOPT PACKING pc=0x000001ea3cf073e8 sp=0x0000007ca61fc3b0
Event: 9.699 Thread 0x000001ea319ee9e0 DEOPT UNPACKING pc=0x000001ea3542e12f sp=0x0000007ca61fc338 mode 2
Event: 9.840 Thread 0x000001ea319ee9e0 Uncommon trap: trap_request=0xffffff45 fr.pc=0x000001ea3cee841c relative=0x000000000000147c
Event: 9.840 Thread 0x000001ea319ee9e0 Uncommon trap: reason=unstable_if action=reinterpret pc=0x000001ea3cee841c method=java.io.WinNTFileSystem.normalize(Ljava/lang/String;)Ljava/lang/String; @ 128 c2
Event: 9.840 Thread 0x000001ea319ee9e0 DEOPT PACKING pc=0x000001ea3cee841c sp=0x0000007ca61fc9c0
Event: 9.840 Thread 0x000001ea319ee9e0 DEOPT UNPACKING pc=0x000001ea3542e12f sp=0x0000007ca61fc988 mode 2
Event: 9.840 Thread 0x000001ea319ee9e0 Uncommon trap: trap_request=0xffffff45 fr.pc=0x000001ea3cf1a3d4 relative=0x00000000000004d4
Event: 9.840 Thread 0x000001ea319ee9e0 Uncommon trap: reason=unstable_if action=reinterpret pc=0x000001ea3cf1a3d4 method=java.util.zip.ZipCoder.normalizedHash(Ljava/lang/String;)I @ 23 c2
Event: 9.840 Thread 0x000001ea319ee9e0 DEOPT PACKING pc=0x000001ea3cf1a3d4 sp=0x0000007ca61fcaf0
Event: 9.840 Thread 0x000001ea319ee9e0 DEOPT UNPACKING pc=0x000001ea3542e12f sp=0x0000007ca61fc9f8 mode 2

Classes unloaded (0 events):
No events

Classes redefined (0 events):
No events

Internal exceptions (20 events):
Event: 5.364 Thread 0x000001ea319ee9e0 Exception <a 'java/lang/IncompatibleClassChangeError'{0x00000000c5f36578}: Found class java.lang.Object, but interface was expected> (0x00000000c5f36578) 
thrown [./open/src/hotspot/share/interpreter/linkResolver.cpp, line 848]
Event: 5.397 Thread 0x000001ea319ee9e0 Exception <a 'java/lang/IncompatibleClassChangeError'{0x00000000c5f671c0}: Found class java.lang.Object, but interface was expected> (0x00000000c5f671c0) 
thrown [./open/src/hotspot/share/interpreter/linkResolver.cpp, line 848]
Event: 5.429 Thread 0x000001ea319ee9e0 Exception <a 'java/lang/NoSuchMethodError'{0x00000000c5f8ca60}: 'void java.lang.invoke.DirectMethodHandle$Holder.invokeSpecial(java.lang.Object, java.lang.Object, java.lang.Object, java.lang.Object, java.lang.Object)'> (0x00000000c5f8ca60) 
thrown [./open/src/hotspot/share/interpreter/linkResolver.cpp, line 782]
Event: 5.857 Thread 0x000001ea319ee9e0 Exception <a 'java/lang/NoSuchMethodError'{0x00000000c5b737c0}: 'java.lang.Object java.lang.invoke.DirectMethodHandle$Holder.invokeVirtual(java.lang.Object, java.lang.Object, java.lang.Object)'> (0x00000000c5b737c0) 
thrown [./open/src/hotspot/share/interpreter/linkResolver.cpp, line 782]
Event: 5.904 Thread 0x000001ea319ee9e0 Exception <a 'java/lang/NoSuchMethodError'{0x00000000c5bb6308}: 'void java.lang.invoke.DirectMethodHandle$Holder.invokeInterface(java.lang.Object, java.lang.Object, java.lang.Object, java.lang.Object)'> (0x00000000c5bb6308) 
thrown [./open/src/hotspot/share/interpreter/linkResolver.cpp, line 782]
Event: 5.906 Thread 0x000001ea319ee9e0 Exception <a 'java/lang/IncompatibleClassChangeError'{0x00000000c5bb9e30}: Found class java.lang.Object, but interface was expected> (0x00000000c5bb9e30) 
thrown [./open/src/hotspot/share/interpreter/linkResolver.cpp, line 848]
Event: 5.927 Thread 0x000001ea319ee9e0 Exception <a 'java/lang/NoSuchMethodError'{0x00000000c5bd4b10}: 'void java.lang.invoke.DirectMethodHandle$Holder.invokeStatic(java.lang.Object, java.lang.Object, java.lang.Object, java.lang.Object)'> (0x00000000c5bd4b10) 
thrown [./open/src/hotspot/share/interpreter/linkResolver.cpp, line 782]
Event: 5.993 Thread 0x000001ea319ee9e0 Exception <a 'java/lang/NoSuchMethodError'{0x00000000c5a4c738}: 'int java.lang.invoke.DirectMethodHandle$Holder.invokeStatic(java.lang.Object, java.lang.Object, java.lang.Object, java.lang.Object)'> (0x00000000c5a4c738) 
thrown [./open/src/hotspot/share/interpreter/linkResolver.cpp, line 782]
Event: 5.997 Thread 0x000001ea319ee9e0 Exception <a 'java/lang/NoSuchMethodError'{0x00000000c5a50290}: 'java.lang.Object java.lang.invoke.Invokers$Holder.invokeExact_MT(java.lang.Object, java.lang.Object, java.lang.Object, java.lang.Object, java.lang.Object, java.lang.Object)'> (0x00000000c5a50290) 
thrown [./open/src/hotspot/share/interpreter/linkResolver.cpp, line 782]
Event: 6.007 Thread 0x000001ea319ee9e0 Exception <a 'java/lang/NoSuchMethodError'{0x00000000c5a60930}: 'int java.lang.invoke.DirectMethodHandle$Holder.invokeStatic(java.lang.Object, java.lang.Object, java.lang.Object, java.lang.Object, java.lang.Object)'> (0x00000000c5a60930) 
thrown [./open/src/hotspot/share/interpreter/linkResolver.cpp, line 782]
Event: 6.319 Thread 0x000001ea319ee9e0 Exception <a 'java/lang/NoSuchMethodError'{0x00000000c59bcf28}: 'int java.lang.invoke.DirectMethodHandle$Holder.invokeStaticInit(java.lang.Object, java.lang.Object, java.lang.Object)'> (0x00000000c59bcf28) 
thrown [./open/src/hotspot/share/interpreter/linkResolver.cpp, line 782]
Event: 6.458 Thread 0x000001ea319ee9e0 Exception <a 'java/lang/NoSuchMethodError'{0x00000000c59fd5a8}: 'int java.lang.invoke.DirectMethodHandle$Holder.invokeStaticInit(java.lang.Object, java.lang.Object)'> (0x00000000c59fd5a8) 
thrown [./open/src/hotspot/share/interpreter/linkResolver.cpp, line 782]
Event: 7.476 Thread 0x000001ea319ee9e0 Exception <a 'java/lang/ClassNotFoundException'{0x00000000c624b850}: javax/smartcardio/CardPermission> (0x00000000c624b850) 
thrown [./open/src/hotspot/share/classfile/systemDictionary.cpp, line 295]
Event: 7.493 Thread 0x000001ea319ee9e0 Exception <a 'java/io/FileNotFoundException'{0x00000000c625a3e8}> (0x00000000c625a3e8) 
thrown [./open/src/hotspot/share/prims/jni.cpp, line 578]
Event: 8.222 Thread 0x000001ea319ee9e0 Exception <a 'java/lang/NoSuchMethodError'{0x00000000c6060148}: 'org.slf4j.impl.StaticMDCBinder org.slf4j.impl.StaticMDCBinder.getSingleton()'> (0x00000000c6060148) 
thrown [./open/src/hotspot/share/interpreter/linkResolver.cpp, line 782]
Event: 8.362 Thread 0x000001ea319ee9e0 Exception <a 'java/lang/IncompatibleClassChangeError'{0x00000000c5f002b0}: Found class java.lang.Object, but interface was expected> (0x00000000c5f002b0) 
thrown [./open/src/hotspot/share/interpreter/linkResolver.cpp, line 848]
Event: 8.605 Thread 0x000001ea319ee9e0 Implicit null exception at 0x000001ea3ceee8d8 to 0x000001ea3ceee966
Event: 8.605 Thread 0x000001ea319ee9e0 Implicit null exception at 0x000001ea3cecebaf to 0x000001ea3cecec21
Event: 8.661 Thread 0x000001ea319ee9e0 Exception <a 'java/lang/NoSuchMethodError'{0x00000000c5ea8bf8}: 'int java.lang.invoke.DirectMethodHandle$Holder.invokeInterface(java.lang.Object, java.lang.Object)'> (0x00000000c5ea8bf8) 
thrown [./open/src/hotspot/share/interpreter/linkResolver.cpp, line 782]
Event: 10.237 Thread 0x000001ea319ee9e0 Exception <a 'java/lang/NoSuchMethodError'{0x00000000c541e258}: 'void java.lang.invoke.DirectMethodHandle$Holder.invokeVirtual(java.lang.Object, java.lang.Object, java.lang.Object, java.lang.Object)'> (0x00000000c541e258) 
thrown [./open/src/hotspot/share/interpreter/linkResolver.cpp, line 782]

Events (20 events):
Event: 10.226 loading class java/time/Instant
Event: 10.226 loading class java/time/temporal/Temporal
Event: 10.226 loading class java/time/temporal/TemporalAccessor
Event: 10.226 loading class java/time/temporal/TemporalAccessor done
Event: 10.226 loading class java/time/temporal/Temporal done
Event: 10.226 loading class java/time/temporal/TemporalAdjuster
Event: 10.226 loading class java/time/temporal/TemporalAdjuster done
Event: 10.227 loading class java/time/Instant done
Event: 10.227 loading class java/time/Clock
Event: 10.227 loading class java/time/Clock done
Event: 10.227 loading class java/time/Clock$SystemClock
Event: 10.227 loading class java/time/Clock$SystemClock done
Event: 10.227 loading class java/time/ZoneOffset
Event: 10.228 loading class java/time/ZoneId
Event: 10.236 loading class java/time/ZoneId done
Event: 10.236 loading class java/time/ZoneOffset done
Event: 10.535 loading class java/beans/PropertyEditorSupport
Event: 10.571 loading class java/beans/PropertyEditor
Event: 10.571 loading class java/beans/PropertyEditor done
Event: 10.571 loading class java/beans/PropertyEditorSupport done


Dynamic libraries:
0x00007ff75cf30000 - 0x00007ff75cf3d000 	C:\Users\ELCOT\.p2\pool\plugins\org.eclipse.justj.openjdk.hotspot.jre.full.win32.x86_64_15.0.2.v20210201-0955\jre\bin\javaw.exe
0x00007ffa8b2e0000 - 0x00007ffa8b4cd000 	C:\Windows\SYSTEM32\ntdll.dll
0x00007ffa890c0000 - 0x00007ffa89173000 	C:\Windows\System32\KERNEL32.DLL
0x00007ffa877e0000 - 0x00007ffa87a75000 	C:\Windows\System32\KERNELBASE.dll
0x00007ffa88400000 - 0x00007ffa884fa000 	C:\Windows\System32\ucrtbase.dll
0x00007ffa7f3b0000 - 0x00007ffa7f3c8000 	C:\Users\ELCOT\.p2\pool\plugins\org.eclipse.justj.openjdk.hotspot.jre.full.win32.x86_64_15.0.2.v20210201-0955\jre\bin\jli.dll
0x00007ffa89230000 - 0x00007ffa893c7000 	C:\Windows\System32\USER32.dll
0x00007ffa88340000 - 0x00007ffa88360000 	C:\Windows\System32\win32u.dll
0x00007ffa8b150000 - 0x00007ffa8b179000 	C:\Windows\System32\GDI32.dll
0x00007ffa875f0000 - 0x00007ffa8778c000 	C:\Windows\System32\gdi32full.dll
0x00007ffa88360000 - 0x00007ffa88400000 	C:\Windows\System32\msvcp_win.dll
0x00007ffa763e0000 - 0x00007ffa763f9000 	C:\Users\ELCOT\.p2\pool\plugins\org.eclipse.justj.openjdk.hotspot.jre.full.win32.x86_64_15.0.2.v20210201-0955\jre\bin\VCRUNTIME140.dll
0x00007ffa6ee40000 - 0x00007ffa6f0b9000 	C:\Windows\WinSxS\amd64_microsoft.windows.common-controls_6595b64144ccf1df_6.0.17763.1577_none_de7444545348a3d0\COMCTL32.dll
0x00007ffa885d0000 - 0x00007ffa8866e000 	C:\Windows\System32\msvcrt.dll
0x00007ffa88d90000 - 0x00007ffa890bd000 	C:\Windows\System32\combase.dll
0x00007ffa8b180000 - 0x00007ffa8b2a2000 	C:\Windows\System32\RPCRT4.dll
0x00007ffa87b30000 - 0x00007ffa87bae000 	C:\Windows\System32\bcryptPrimitives.dll
0x00007ffa89550000 - 0x00007ffa8957e000 	C:\Windows\System32\IMM32.DLL
0x00007ffa7f3a0000 - 0x00007ffa7f3ac000 	C:\Users\ELCOT\.p2\pool\plugins\org.eclipse.justj.openjdk.hotspot.jre.full.win32.x86_64_15.0.2.v20210201-0955\jre\bin\vcruntime140_1.dll
0x00007ffa65c50000 - 0x00007ffa65ce1000 	C:\Users\ELCOT\.p2\pool\plugins\org.eclipse.justj.openjdk.hotspot.jre.full.win32.x86_64_15.0.2.v20210201-0955\jre\bin\msvcp140.dll
0x00007ffa534d0000 - 0x00007ffa5402e000 	C:\Users\ELCOT\.p2\pool\plugins\org.eclipse.justj.openjdk.hotspot.jre.full.win32.x86_64_15.0.2.v20210201-0955\jre\bin\server\jvm.dll
0x00007ffa8b040000 - 0x00007ffa8b0e3000 	C:\Windows\System32\ADVAPI32.dll
0x00007ffa893e0000 - 0x00007ffa8947e000 	C:\Windows\System32\sechost.dll
0x00007ffa893d0000 - 0x00007ffa893d8000 	C:\Windows\System32\PSAPI.DLL
0x00007ffa72a10000 - 0x00007ffa72a19000 	C:\Windows\SYSTEM32\WSOCK32.dll
0x00007ffa88820000 - 0x00007ffa8888d000 	C:\Windows\System32\WS2_32.dll
0x00007ffa853b0000 - 0x00007ffa853d4000 	C:\Windows\SYSTEM32\WINMM.dll
0x00007ffa827a0000 - 0x00007ffa827aa000 	C:\Windows\SYSTEM32\VERSION.dll
0x00007ffa85380000 - 0x00007ffa853ad000 	C:\Windows\SYSTEM32\WINMMBASE.dll
0x00007ffa87790000 - 0x00007ffa877da000 	C:\Windows\System32\cfgmgr32.dll
0x00007ffa87370000 - 0x00007ffa87381000 	C:\Windows\System32\kernel.appcore.dll
0x00007ffa7f390000 - 0x00007ffa7f39a000 	C:\Users\ELCOT\.p2\pool\plugins\org.eclipse.justj.openjdk.hotspot.jre.full.win32.x86_64_15.0.2.v20210201-0955\jre\bin\jimage.dll
0x00007ffa7cf30000 - 0x00007ffa7d11d000 	C:\Windows\SYSTEM32\DBGHELP.DLL
0x00007ffa71d20000 - 0x00007ffa71d4a000 	C:\Windows\SYSTEM32\dbgcore.DLL
0x00007ffa7ee40000 - 0x00007ffa7ee65000 	C:\Users\ELCOT\.p2\pool\plugins\org.eclipse.justj.openjdk.hotspot.jre.full.win32.x86_64_15.0.2.v20210201-0955\jre\bin\java.dll
0x00007ffa7ef50000 - 0x00007ffa7ef68000 	C:\Users\ELCOT\.p2\pool\plugins\org.eclipse.justj.openjdk.hotspot.jre.full.win32.x86_64_15.0.2.v20210201-0955\jre\bin\zip.dll
0x00007ffa89ab0000 - 0x00007ffa8afa9000 	C:\Windows\System32\SHELL32.dll
0x00007ffa89180000 - 0x00007ffa89228000 	C:\Windows\System32\shcore.dll
0x00007ffa87bb0000 - 0x00007ffa88303000 	C:\Windows\System32\windows.storage.dll
0x00007ffa872e0000 - 0x00007ffa87304000 	C:\Windows\System32\profapi.dll
0x00007ffa87310000 - 0x00007ffa8736d000 	C:\Windows\System32\powrprof.dll
0x00007ffa894e0000 - 0x00007ffa89532000 	C:\Windows\System32\shlwapi.dll
0x00007ffa875d0000 - 0x00007ffa875e7000 	C:\Windows\System32\cryptsp.dll
0x00007ffa7ecb0000 - 0x00007ffa7ecc9000 	C:\Users\ELCOT\.p2\pool\plugins\org.eclipse.justj.openjdk.hotspot.jre.full.win32.x86_64_15.0.2.v20210201-0955\jre\bin\net.dll
0x00007ffa7bc00000 - 0x00007ffa7bcf4000 	C:\Windows\SYSTEM32\WINHTTP.dll
0x00007ffa86ad0000 - 0x00007ffa86b37000 	C:\Windows\system32\mswsock.dll
0x00007ffa7ec50000 - 0x00007ffa7ec62000 	C:\Users\ELCOT\.p2\pool\plugins\org.eclipse.justj.openjdk.hotspot.jre.full.win32.x86_64_15.0.2.v20210201-0955\jre\bin\nio.dll
0x00007ffa85430000 - 0x00007ffa85440000 	C:\Users\ELCOT\.p2\pool\plugins\org.eclipse.justj.openjdk.hotspot.jre.full.win32.x86_64_15.0.2.v20210201-0955\jre\bin\verify.dll
0x00007ffa867f0000 - 0x00007ffa8682d000 	C:\Windows\SYSTEM32\IPHLPAPI.DLL
0x00007ffa8afb0000 - 0x00007ffa8afb8000 	C:\Windows\System32\NSI.dll
0x00007ffa7dea0000 - 0x00007ffa7deb6000 	C:\Windows\SYSTEM32\dhcpcsvc6.DLL
0x00007ffa7e4a0000 - 0x00007ffa7e4bc000 	C:\Windows\SYSTEM32\dhcpcsvc.DLL
0x00007ffa86830000 - 0x00007ffa868f6000 	C:\Windows\SYSTEM32\DNSAPI.dll

dbghelp: loaded successfully - version: 4.0.5 - missing functions: none
symbol engine: initialized successfully - sym options: 0x614 - pdb path: .;C:\Users\ELCOT\.p2\pool\plugins\org.eclipse.justj.openjdk.hotspot.jre.full.win32.x86_64_15.0.2.v20210201-0955\jre\bin;C:\Windows\SYSTEM32;C:\Windows\WinSxS\amd64_microsoft.windows.common-controls_6595b64144ccf1df_6.0.17763.1577_none_de7444545348a3d0;C:\Users\ELCOT\.p2\pool\plugins\org.eclipse.justj.openjdk.hotspot.jre.full.win32.x86_64_15.0.2.v20210201-0955\jre\bin\server

VM Arguments:
jvm_args: -ea -Dfile.encoding=Cp1252 -XX:+ShowCodeDetailsInExceptionMessages 
java_command: org.eclipse.jdt.internal.junit.runner.RemoteTestRunner -version 3 -port 51406 -testLoaderClass org.eclipse.jdt.internal.junit5.runner.JUnit5TestLoader -loaderpluginname org.eclipse.jdt.junit5.runtime -classNames com.vl.info.UserServicesTest
java_class_path (initial): C:\Users\ELCOT\Desktop\Project\Online_vehicle_License\bin\main;C:\Users\ELCOT\Desktop\Project\Online_vehicle_License\bin\test;C:\Users\ELCOT\Desktop\Project\Online_vehicle_License\bin\default;C:\Users\ELCOT\.gradle\caches\modules-2\files-2.1\org.springframework.boot\spring-boot-starter-web\2.5.0\3103486844ed786b6ba420971ad137658a2da803\spring-boot-starter-web-2.5.0.jar;C:\Users\ELCOT\.gradle\caches\modules-2\files-2.1\org.springframework.boot\spring-boot-starter-data-jpa\2.5.0\84f42b4c2b85d59070d1b67c7e5b35a1f62c3e82\spring-boot-starter-data-jpa-2.5.0.jar;C:\Users\ELCOT\.gradle\caches\modules-2\files-2.1\org.assertj\assertj-core\3.15.0\b5b633545f357f576bd0661b302914a3951319d\assertj-core-3.15.0.jar;C:\Users\ELCOT\.gradle\caches\modules-2\files-2.1\org.hibernate\hibernate-core\5.4.13.Final\ccf1fb34349439b19056b9f81fb9738760ff5d76\hibernate-core-5.4.13.Final.jar;C:\Users\ELCOT\.gradle\caches\modules-2\files-2.1\org.springframework.boot\spring-boot-starter-json\2.5.0\3823529849c1b848e9623bbccc7c2dc7c3d51f93\spring-boot-starter-json-2.5.0.jar;C:\Users\ELCOT\.gradle\caches\modules-2\files-2.1\org.springframework.boot\spring-boot-starter-aop\2.5.0\7296891fa9032f7ac267da19732c043966216636\spring-boot-starter-aop-2.5.0.jar;C:\Users\ELCOT\.gradle\caches\modules-2\files-2.1\org.springframework.boot\spring-boot-starter-jdbc\2.5.0\850bf7c3dacf3d610bb9e7dca3685621539c7099\spring-boot-starter-jdbc-2.5.0.jar;C:\Users\ELCOT\.gradle\caches\modules-2\files-2.1\org.springframework.boot\spring-boot-starter\2.5.0\a910887c01efcc7d12f3f89a7604d436f26eeb90\spring-boot-starter-2.5.0.jar;C:\Users\ELCOT\.gradle\caches\modules-2\files-2.1\org.springframework.boot\spring-boot-starter-tomcat\2.5.0\3b93aeb708d3319522fb21409ec314ad4d2ef9b3\spring-boot-starter-tomcat-2.5.0.jar;C:\Users\ELCOT\.gradle\caches\modules-2\files-2.1\org.springframework\spring-webmvc\5.3.7\8437c7a572177a34607abdaef2f6b8088488f5c0\spring-webmvc-5.3.7.jar;C:\Users\ELCOT\.gradle\caches\modules-2\f
Launcher Type: SUN_STANDARD

[Global flags]
     intx CICompilerCount                          = 2                                         {product} {ergonomic}
     uint ConcGCThreads                            = 1                                         {product} {ergonomic}
     uint G1ConcRefinementThreads                  = 2                                         {product} {ergonomic}
   size_t G1HeapRegionSize                         = 1048576                                   {product} {ergonomic}
    uintx GCDrainStackTargetSize                   = 64                                        {product} {ergonomic}
   size_t InitialHeapSize                          = 65011712                                  {product} {ergonomic}
   size_t MarkStackSize                            = 4194304                                   {product} {ergonomic}
   size_t MaxHeapSize                              = 1031798784                                {product} {ergonomic}
   size_t MaxNewSize                               = 618659840                                 {product} {ergonomic}
   size_t MinHeapDeltaBytes                        = 1048576                                   {product} {ergonomic}
   size_t MinHeapSize                              = 8388608                                   {product} {ergonomic}
    uintx NonNMethodCodeHeapSize                   = 5826188                                {pd product} {ergonomic}
    uintx NonProfiledCodeHeapSize                  = 122916026                              {pd product} {ergonomic}
    uintx ProfiledCodeHeapSize                     = 122916026                              {pd product} {ergonomic}
    uintx ReservedCodeCacheSize                    = 251658240                              {pd product} {ergonomic}
     bool SegmentedCodeCache                       = true                                      {product} {ergonomic}
     bool ShowCodeDetailsInExceptionMessages       = true                                   {manageable} {command line}
   size_t SoftMaxHeapSize                          = 1031798784                             {manageable} {ergonomic}
     bool UseCompressedClassPointers               = true                                 {lp64_product} {ergonomic}
     bool UseCompressedOops                        = true                                 {lp64_product} {ergonomic}
     bool UseG1GC                                  = true                                      {product} {ergonomic}
     bool UseLargePagesIndividualAllocation        = false                                  {pd product} {ergonomic}

Logging:
Log output configuration:
 #0: stdout all=warning uptime,level,tags
 #1: stderr all=off uptime,level,tags

Environment Variables:
JAVA_HOME=C:\Program Files\Java\jdk1.8.0_291
PATH=C:/Users/ELCOT/.p2/pool/plugins/org.eclipse.justj.openjdk.hotspot.jre.full.win32.x86_64_15.0.2.v20210201-0955/jre/bin/server;C:/Users/ELCOT/.p2/pool/plugins/org.eclipse.justj.openjdk.hotspot.jre.full.win32.x86_64_15.0.2.v20210201-0955/jre/bin;C:\Program Files\Java\jdk1.8.0_291\bin;C:\gradle-7.0.2\bin;C:\Program Files\Git\cmd;C:\Users\ELCOT\AppData\Local\Microsoft\WindowsApps;;C:\Users\ELCOT\eclipse\java-2021-03\eclipse;
USERNAME=ELCOT
OS=Windows_NT
PROCESSOR_IDENTIFIER=AMD64 Family 21 Model 112 Stepping 0, AuthenticAMD



---------------  S Y S T E M  ---------------

OS:
 Windows 10 , 64 bit Build 17763 (10.0.17763.475)
OS uptime: 2 days 6:49 hours

CPU: total 2 (initial active 2) (2 cores per cpu, 1 threads per core) family 21 model 112 stepping 0 microcode 0x0, cmov, cx8, fxsr, mmx, sse, sse2, sse3, ssse3, sse4.1, sse4.2, popcnt, vzeroupper, avx, avx2, aes, clmul, 3dnowpref, lzcnt, sse4a, tsc, tscinvbit, tscinv, bmi1, bmi2, fma, clflush

Memory: 4k page, system-wide physical 3935M (590M free)
TotalPageFile size 8031M (AvailPageFile size 3M)
current process WorkingSet (physical memory assigned to process): 91M, peak: 91M
current process commit charge ("private bytes"): 156M, peak: 157M

vm_info: OpenJDK 64-Bit Server VM (15.0.2+7-27) for windows-amd64 JRE (15.0.2+7-27), built on Dec  7 2020 20:02:38 by "mach5one" with unknown MS VC++:1925

END.
