#
# There is insufficient memory for the Java Runtime Environment to continue.
# Native memory allocation (malloc) failed to allocate 1048576 bytes for AllocateHeap
# Possible reasons:
#   The system is out of physical RAM or swap space
#   The process is running with CompressedOops enabled, and the Java Heap may be blocking the growth of the native heap
# Possible solutions:
#   Reduce memory load on the system
#   Increase physical memory or swap space
#   Check if swap backing store is full
#   Decrease Java heap size (-Xmx/-Xms)
#   Decrease number of Java threads
#   Decrease Java thread stack sizes (-Xss)
#   Set larger code cache with -XX:ReservedCodeCacheSize=
#   JVM is running with Unscaled Compressed Oops mode in which the Java heap is
#     placed in the first 4GB address space. The Java Heap base address is the
#     maximum limit for the native heap growth. Please use -XX:HeapBaseMinAddress
#     to set the Java Heap base and to place the Java Heap above 4GB virtual address.
# This output file may be truncated or incomplete.
#
#  Out of Memory Error (./open/src/hotspot/share/memory/allocation.cpp:44), pid=11628, tid=11084
#
# JRE version: OpenJDK Runtime Environment (15.0.2+7) (build 15.0.2+7-27)
# Java VM: OpenJDK 64-Bit Server VM (15.0.2+7-27, mixed mode, tiered, compressed oops, g1 gc, windows-amd64)
# No core dump will be written. Minidumps are not enabled by default on client versions of Windows
#

---------------  S U M M A R Y ------------

Command Line: -Dcom.sun.management.jmxremote -Dcom.sun.management.jmxremote.port=52225 -Dcom.sun.management.jmxremote.authenticate=false -Dcom.sun.management.jmxremote.ssl=false -Djava.rmi.server.hostname=localhost -Dspring.jmx.enabled=true -Dspring.application.admin.enabled=true -XX:TieredStopAtLevel=1 -Dspring.boot.project.name=Online_vehicle_License -Dfile.encoding=Cp1252 -XX:+ShowCodeDetailsInExceptionMessages com.vl.info.OnlineVehicleLicenseApplication

Host: AMD PRO A4-4350B R4, 5 COMPUTE CORES 2C+3G     , 2 cores, 3G,  Windows 10 , 64 bit Build 17763 (10.0.17763.475)
Time: Sat Jun  5 14:29:11 2021 India Standard Time elapsed time: 67.649598 seconds (0d 0h 1m 7s)

---------------  T H R E A D  ---------------

Current thread (0x000001d793027cc0):  VMThread "VM Thread" [stack: 0x0000009a33700000,0x0000009a33800000] [id=11084]

Stack: [0x0000009a33700000,0x0000009a33800000]
[error occurred during error reporting (printing stack bounds), id 0xc0000005, EXCEPTION_ACCESS_VIOLATION (0xc0000005) at pc=0x000001d7800010ad]

Native frames: (J=compiled Java code, j=interpreted, Vv=VM code, C=native code)
V  [jvm.dll+0x62ae9a]
V  [jvm.dll+0x7817a9]
V  [jvm.dll+0x782f03]
V  [jvm.dll+0x7834c5]
V  [jvm.dll+0x78347b]
V  [jvm.dll+0x62a2b9]
V  [jvm.dll+0x62aa88]
C  [ntdll.dll+0xa41bf]
C  [ntdll.dll+0x4bef]
C  [ntdll.dll+0xa2f2e]
C  0x000001d7800010ad

VM_Operation (0x0000009a331f87e0): CollectForMetadataAllocation, mode: safepoint, requested by thread 0x000001d7fc097c50


---------------  P R O C E S S  ---------------

Threads class SMR info:
_java_thread_list=0x000001d795c09b20, length=22, elements={
0x000001d7fc097c50, 0x000001d793098410, 0x000001d79309ade0, 0x000001d7930afc30,
0x000001d7930b04f0, 0x000001d7930b2ec0, 0x000001d7930b5940, 0x000001d7930be5d0,
0x000001d792ffcc90, 0x000001d793a7c040, 0x000001d793fa8de0, 0x000001d794032660,
0x000001d794035b50, 0x000001d794086020, 0x000001d79401d050, 0x000001d7fc098d10,
0x000001d79401d830, 0x000001d795753bb0, 0x000001d795754080, 0x000001d795751530,
0x000001d795751a00, 0x000001d795753210
}

Java Threads: ( => current thread )
  0x000001d7fc097c50 JavaThread "main" [_thread_blocked, id=7936, stack(0x0000009a33100000,0x0000009a33200000)]
  0x000001d793098410 JavaThread "Reference Handler" daemon [_thread_blocked, id=5564, stack(0x0000009a33800000,0x0000009a33900000)]
  0x000001d79309ade0 JavaThread "Finalizer" daemon [_thread_blocked, id=6428, stack(0x0000009a33900000,0x0000009a33a00000)]
  0x000001d7930afc30 JavaThread "Signal Dispatcher" daemon [_thread_blocked, id=5600, stack(0x0000009a33a00000,0x0000009a33b00000)]
  0x000001d7930b04f0 JavaThread "Attach Listener" daemon [_thread_blocked, id=1048, stack(0x0000009a33b00000,0x0000009a33c00000)]
  0x000001d7930b2ec0 JavaThread "Service Thread" daemon [_thread_blocked, id=7988, stack(0x0000009a33c00000,0x0000009a33d00000)]
  0x000001d7930b5940 JavaThread "C1 CompilerThread0" daemon [_thread_blocked, id=6644, stack(0x0000009a33d00000,0x0000009a33e00000)]
  0x000001d7930be5d0 JavaThread "Sweeper thread" daemon [_thread_blocked, id=10248, stack(0x0000009a33e00000,0x0000009a33f00000)]
  0x000001d792ffcc90 JavaThread "Common-Cleaner" daemon [_thread_blocked, id=7156, stack(0x0000009a33f00000,0x0000009a34000000)]
  0x000001d793a7c040 JavaThread "Notification Thread" daemon [_thread_blocked, id=8180, stack(0x0000009a34000000,0x0000009a34100000)]
  0x000001d793fa8de0 JavaThread "RMI TCP Accept-0" daemon [_thread_in_native, id=8244, stack(0x0000009a34200000,0x0000009a34300000)]
  0x000001d794032660 JavaThread "RMI TCP Accept-52225" daemon [_thread_in_native, id=2488, stack(0x0000009a34300000,0x0000009a34400000)]
  0x000001d794035b50 JavaThread "RMI TCP Connection(idle)" daemon [_thread_blocked, id=12140, stack(0x0000009a34400000,0x0000009a34500000)]
  0x000001d794086020 JavaThread "RMI Scheduler(0)" daemon [_thread_blocked, id=7760, stack(0x0000009a34500000,0x0000009a34600000)]
  0x000001d79401d050 JavaThread "RMI TCP Accept-0" daemon [_thread_in_native, id=8104, stack(0x0000009a34600000,0x0000009a34700000)]
  0x000001d7fc098d10 JavaThread "RMI TCP Connection(2)-127.0.0.1" daemon [_thread_blocked, id=2072, stack(0x0000009a34700000,0x0000009a34800000)]
  0x000001d79401d830 JavaThread "JMX server connection timeout 19" daemon [_thread_blocked, id=2576, stack(0x0000009a34900000,0x0000009a34a00000)]
  0x000001d795753bb0 JavaThread "Catalina-utility-1" [_thread_blocked, id=3380, stack(0x0000009a34c00000,0x0000009a34d00000)]
  0x000001d795754080 JavaThread "Catalina-utility-2" [_thread_blocked, id=2180, stack(0x0000009a34d00000,0x0000009a34e00000)]
  0x000001d795751530 JavaThread "container-0" [_thread_blocked, id=11608, stack(0x0000009a34e00000,0x0000009a34f00000)]
  0x000001d795751a00 JavaThread "HikariPool-1 housekeeper" daemon [_thread_blocked, id=4496, stack(0x0000009a35000000,0x0000009a35100000)]
  0x000001d795753210 JavaThread "HikariPool-1 connection adder" daemon [_thread_blocked, id=10808, stack(0x0000009a35100000,0x0000009a35200000)]

Other Threads:
=>0x000001d793027cc0 VMThread "VM Thread" [stack: 0x0000009a33700000,0x0000009a33800000] [id=11084]
  0x000001d79401d520 WatcherThread [stack: 0x0000009a34800000,0x0000009a34900000] [id=916]
  0x000001d7fc0c49f0 GCTaskThread "GC Thread#0" [stack: 0x0000009a33200000,0x0000009a33300000] [id=5244]
  0x000001d793a76d30 GCTaskThread "GC Thread#1" [stack: 0x0000009a34100000,0x0000009a34200000] [id=1052]
  0x000001d7fc0ce290 ConcurrentGCThread "G1 Main Marker" [stack: 0x0000009a33300000,0x0000009a33400000] [id=8496]
  0x000001d7fc0cfe20 ConcurrentGCThread "G1 Conc#0" [stack: 0x0000009a33400000,0x0000009a33500000] [id=9904]
  0x000001d7fc11c380 ConcurrentGCThread "G1 Refine#0" [stack: 0x0000009a33500000,0x0000009a33600000] [id=11516]
  0x000001d7fc11dea0 ConcurrentGCThread "G1 Young RemSet Sampling" [stack: 0x0000009a33600000,0x0000009a33700000] [id=9876]

Threads with active compile tasks:

VM state: at safepoint (normal execution)

VM Mutex/Monitor currently owned by a thread:  ([mutex/lock_event])
[0x000001d7fc093a00] Threads_lock - owner thread: 0x000001d793027cc0
[0x000001d7fc0938e0] Heap_lock - owner thread: 0x000001d7fc097c50

Heap address: 0x00000000c2800000, size: 984 MB, Compressed Oops mode: 32-bit
CDS disabled.
Compressed class space mapped at: 0x0000000100000000-0x0000000140000000, size: 1073741824
Narrow klass base: 0x0000000000000000, Narrow klass shift: 3, Narrow klass range: 0x140000000

GC Precious Log:
 CPUs: 2 total, 2 available
 Memory: 3935M
 Large Page Support: Disabled
 NUMA Support: Disabled
 Compressed Oops: Enabled (32-bit)
 Heap Region Size: 1M
 Heap Min Capacity: 8M
 Heap Initial Capacity: 62M
 Heap Max Capacity: 984M
 Pre-touch: Disabled
 Parallel Workers: 2
 Concurrent Workers: 1
 Concurrent Refinement Workers: 2
 Periodic GC: Disabled

Heap:
 garbage-first heap   total 37888K, used 18976K [0x00000000c2800000, 0x0000000100000000)
  region size 1024K, 2 young (2048K), 2 survivors (2048K)
 Metaspace       used 46517K, capacity 47044K, committed 47152K, reserved 1091584K
  class space    used 5853K, capacity 5995K, committed 6016K, reserved 1048576K

Heap Regions: E=young(eden), S=young(survivor), O=old, HS=humongous(starts), HC=humongous(continues), CS=collection set, F=free, OA=open archive, CA=closed archive, TAMS=top-at-mark-start (previous, next)
|   0|0x00000000c2800000, 0x00000000c2900000, 0x00000000c2900000|100%|HS|  |TAMS 0x00000000c2900000, 0x00000000c2900000| Complete 
|   1|0x00000000c2900000, 0x00000000c2a00000, 0x00000000c2a00000|100%| O|  |TAMS 0x00000000c2a00000, 0x00000000c2a00000| Untracked 
|   2|0x00000000c2a00000, 0x00000000c2b00000, 0x00000000c2b00000|100%| O|  |TAMS 0x00000000c2b00000, 0x00000000c2b00000| Untracked 
|   3|0x00000000c2b00000, 0x00000000c2c00000, 0x00000000c2c00000|100%| O|  |TAMS 0x00000000c2c00000, 0x00000000c2c00000| Untracked 
|   4|0x00000000c2c00000, 0x00000000c2d00000, 0x00000000c2d00000|100%| O|  |TAMS 0x00000000c2d00000, 0x00000000c2d00000| Untracked 
|   5|0x00000000c2d00000, 0x00000000c2e00000, 0x00000000c2e00000|100%| O|  |TAMS 0x00000000c2e00000, 0x00000000c2e00000| Untracked 
|   6|0x00000000c2e00000, 0x00000000c2eb6c00, 0x00000000c2f00000| 71%| O|  |TAMS 0x00000000c2eb6c00, 0x00000000c2eb6c00| Untracked 
|   7|0x00000000c2f00000, 0x00000000c3000000, 0x00000000c3000000|100%| O|  |TAMS 0x00000000c3000000, 0x00000000c3000000| Untracked 
|   8|0x00000000c3000000, 0x00000000c3100000, 0x00000000c3100000|100%| O|  |TAMS 0x00000000c3100000, 0x00000000c3100000| Untracked 
|   9|0x00000000c3100000, 0x00000000c3200000, 0x00000000c3200000|100%| O|  |TAMS 0x00000000c3200000, 0x00000000c3200000| Untracked 
|  10|0x00000000c3200000, 0x00000000c3300000, 0x00000000c3300000|100%| O|  |TAMS 0x00000000c3300000, 0x00000000c3300000| Untracked 
|  11|0x00000000c3300000, 0x00000000c3400000, 0x00000000c3400000|100%| O|  |TAMS 0x00000000c3400000, 0x00000000c3400000| Untracked 
|  12|0x00000000c3400000, 0x00000000c3500000, 0x00000000c3500000|100%| O|  |TAMS 0x00000000c3500000, 0x00000000c3500000| Untracked 
|  13|0x00000000c3500000, 0x00000000c3600000, 0x00000000c3600000|100%| O|  |TAMS 0x00000000c3600000, 0x00000000c3600000| Untracked 
|  14|0x00000000c3600000, 0x00000000c3700000, 0x00000000c3700000|100%| O|  |TAMS 0x00000000c3700000, 0x00000000c3700000| Untracked 
|  15|0x00000000c3700000, 0x00000000c3800000, 0x00000000c3800000|100%| O|  |TAMS 0x00000000c37dbc00, 0x00000000c3800000| Untracked 
|  16|0x00000000c3800000, 0x00000000c3900000, 0x00000000c3900000|100%| O|  |TAMS 0x00000000c3800000, 0x00000000c38bc800| Untracked 
|  17|0x00000000c3900000, 0x00000000c3967400, 0x00000000c3a00000| 40%| O|  |TAMS 0x00000000c3900000, 0x00000000c3900000| Untracked 
|  18|0x00000000c3a00000, 0x00000000c3a00000, 0x00000000c3b00000|  0%| F|  |TAMS 0x00000000c3a00000, 0x00000000c3a00000| Untracked 
|  19|0x00000000c3b00000, 0x00000000c3b00000, 0x00000000c3c00000|  0%| F|  |TAMS 0x00000000c3b00000, 0x00000000c3b00000| Untracked 
|  20|0x00000000c3c00000, 0x00000000c3c00000, 0x00000000c3d00000|  0%| F|  |TAMS 0x00000000c3c00000, 0x00000000c3c00000| Untracked 
|  21|0x00000000c3d00000, 0x00000000c3d00000, 0x00000000c3e00000|  0%| F|  |TAMS 0x00000000c3d00000, 0x00000000c3d00000| Untracked 
|  22|0x00000000c3e00000, 0x00000000c3e00000, 0x00000000c3f00000|  0%| F|  |TAMS 0x00000000c3e00000, 0x00000000c3e00000| Untracked 
|  23|0x00000000c3f00000, 0x00000000c3f00000, 0x00000000c4000000|  0%| F|  |TAMS 0x00000000c3f00000, 0x00000000c3f00000| Untracked 
|  24|0x00000000c4000000, 0x00000000c4000000, 0x00000000c4100000|  0%| F|  |TAMS 0x00000000c4000000, 0x00000000c4000000| Untracked 
|  25|0x00000000c4100000, 0x00000000c4100000, 0x00000000c4200000|  0%| F|  |TAMS 0x00000000c4100000, 0x00000000c4100000| Untracked 
|  26|0x00000000c4200000, 0x00000000c4200000, 0x00000000c4300000|  0%| F|  |TAMS 0x00000000c4200000, 0x00000000c4200000| Untracked 
|  27|0x00000000c4300000, 0x00000000c4300000, 0x00000000c4400000|  0%| F|  |TAMS 0x00000000c4300000, 0x00000000c4300000| Untracked 
|  28|0x00000000c4400000, 0x00000000c4400000, 0x00000000c4500000|  0%| F|  |TAMS 0x00000000c4400000, 0x00000000c4400000| Untracked 
|  29|0x00000000c4500000, 0x00000000c4500000, 0x00000000c4600000|  0%| F|  |TAMS 0x00000000c4500000, 0x00000000c4500000| Untracked 
|  30|0x00000000c4600000, 0x00000000c466a200, 0x00000000c4700000| 41%| S|CS|TAMS 0x00000000c4600000, 0x00000000c4600000| Complete 
|  31|0x00000000c4700000, 0x00000000c4800000, 0x00000000c4800000|100%| S|CS|TAMS 0x00000000c4700000, 0x00000000c4700000| Complete 
|  32|0x00000000c4800000, 0x00000000c4800000, 0x00000000c4900000|  0%| F|  |TAMS 0x00000000c4800000, 0x00000000c4800000| Untracked 
|  51|0x00000000c5b00000, 0x00000000c5b00000, 0x00000000c5c00000|  0%| F|  |TAMS 0x00000000c5b00000, 0x00000000c5b00000| Untracked 
|  52|0x00000000c5c00000, 0x00000000c5c00000, 0x00000000c5d00000|  0%| F|  |TAMS 0x00000000c5c00000, 0x00000000c5c00000| Untracked 
|  53|0x00000000c5d00000, 0x00000000c5d00000, 0x00000000c5e00000|  0%| F|  |TAMS 0x00000000c5d00000, 0x00000000c5d00000| Untracked 
|  61|0x00000000c6500000, 0x00000000c6500000, 0x00000000c6600000|  0%| F|  |TAMS 0x00000000c6500000, 0x00000000c6500000| Untracked 

Card table byte_map: [0x000001d7fbe50000,0x000001d7fc040000] _byte_map_base: 0x000001d7fb83c000

Marking Bits (Prev, Next): (CMBitMap*) 0x000001d7fc0c5170, (CMBitMap*) 0x000001d7fc0c51b0
 Prev Bits: [0x000001d78f000000, 0x000001d78ff60000)
 Next Bits: [0x000001d78ff60000, 0x000001d790ec0000)

Polling page: 0x000001d7f9f50000

Metaspace:

Usage:
  Non-class:     40.09 MB capacity,    39.71 MB (>99%) used,   321.59 KB ( <1%) free+waste,    63.38 KB ( <1%) overhead. 
      Class:      5.85 MB capacity,     5.72 MB ( 98%) used,   117.18 KB (  2%) free+waste,    24.50 KB ( <1%) overhead. 
       Both:     45.94 MB capacity,    45.43 MB ( 99%) used,   438.77 KB ( <1%) free+waste,    87.88 KB ( <1%) overhead. 

Virtual space:
  Non-class space:       42.00 MB reserved,      40.17 MB ( 96%) committed 
      Class space:        1.00 GB reserved,       5.88 MB ( <1%) committed 
             Both:        1.04 GB reserved,      46.05 MB (  4%) committed 

Chunk freelists:
   Non-Class:  23.00 KB
       Class:  21.00 KB
        Both:  44.00 KB

MaxMetaspaceSize: 17179869184.00 GB
CompressedClassSpaceSize: 1.00 GB

CodeHeap 'non-profiled nmethods': size=239488Kb used=5643Kb max_used=5643Kb free=233844Kb
 bounds [0x000001d780620000, 0x000001d780bb0000, 0x000001d78f000000]
CodeHeap 'non-nmethods': size=6272Kb used=1231Kb max_used=1231Kb free=5040Kb
 bounds [0x000001d780000000, 0x000001d780270000, 0x000001d780620000]
 total_blobs=4123 nmethods=3616 adapters=435
 compilation: enabled
              stopped_count=0, restarted_count=0
 full_count=0

Compilation events (20 events):
Event: 66.777 Thread 0x000001d7930b5940 3607       1       java.util.regex.ASCII::getType (17 bytes)
Event: 66.777 Thread 0x000001d7930b5940 nmethod 3607 0x000001d780b9f510 code [0x000001d780b9f6a0, 0x000001d780b9f798]
Event: 66.777 Thread 0x000001d7930b5940 3608       1       java.util.regex.CharPredicates$$Lambda$673/0x000000010042a440::is (5 bytes)
Event: 66.777 Thread 0x000001d7930b5940 nmethod 3608 0x000001d780b9f890 code [0x000001d780b9fa20, 0x000001d780b9fb78]
Event: 66.777 Thread 0x000001d7930b5940 3606       1       java.util.regex.ASCII::isType (15 bytes)
Event: 66.778 Thread 0x000001d7930b5940 nmethod 3606 0x000001d780b9fc90 code [0x000001d780b9fe20, 0x000001d780b9ff18]
Event: 66.778 Thread 0x000001d7930b5940 3609       1       java.util.TreeSet::add (22 bytes)
Event: 66.779 Thread 0x000001d7930b5940 nmethod 3609 0x000001d780ba0010 code [0x000001d780ba01a0, 0x000001d780ba02a8]
Event: 66.811 Thread 0x000001d7930b5940 3610       1       java.util.TreeMap::buildFromSorted (218 bytes)
Event: 66.813 Thread 0x000001d7930b5940 nmethod 3610 0x000001d780ba0310 code [0x000001d780ba0540, 0x000001d780ba0c18]
Event: 67.139 Thread 0x000001d7930b5940 3611   !   1       sun.nio.ch.NioSocketImpl::tryRead (87 bytes)
Event: 67.140 Thread 0x000001d7930b5940 nmethod 3611 0x000001d780ba1390 code [0x000001d780ba1560, 0x000001d780ba17b8]
Event: 67.140 Thread 0x000001d7930b5940 3612       1       sun.nio.ch.SocketDispatcher::read (8 bytes)
Event: 67.140 Thread 0x000001d7930b5940 nmethod 3612 0x000001d780ba1a10 code [0x000001d780ba1ba0, 0x000001d780ba1c88]
Event: 67.186 Thread 0x000001d7930b5940 3614       1       sun.net.util.URLUtil::urlNoFragString (114 bytes)
Event: 67.187 Thread 0x000001d7930b5940 nmethod 3614 0x000001d780ba1d10 code [0x000001d780ba1f60, 0x000001d780ba2498]
Event: 67.187 Thread 0x000001d7930b5940 3615       1       java.net.URL::getDefaultPort (8 bytes)
Event: 67.188 Thread 0x000001d7930b5940 nmethod 3615 0x000001d780ba2810 code [0x000001d780ba29a0, 0x000001d780ba2a88]
Event: 67.341 Thread 0x000001d7930b5940 3616       1       oracle.net.jdbc.nl.NVTokens::_isWhiteSpace (28 bytes)
Event: 67.342 Thread 0x000001d7930b5940 nmethod 3616 0x000001d780ba2b10 code [0x000001d780ba2ca0, 0x000001d780ba2d78]

GC Heap History (20 events):
Event: 41.740 GC heap before
{Heap before GC invocations=11 (full 0):
 garbage-first heap   total 37888K, used 28520K [0x00000000c2800000, 0x0000000100000000)
  region size 1024K, 18 young (18432K), 2 survivors (2048K)
 Metaspace       used 30851K, capacity 31247K, committed 31408K, reserved 1077248K
  class space    used 3686K, capacity 3793K, committed 3840K, reserved 1048576K
}
Event: 41.754 GC heap after
{Heap after GC invocations=12 (full 0):
 garbage-first heap   total 37888K, used 13353K [0x00000000c2800000, 0x0000000100000000)
  region size 1024K, 3 young (3072K), 3 survivors (3072K)
 Metaspace       used 30851K, capacity 31247K, committed 31408K, reserved 1077248K
  class space    used 3686K, capacity 3793K, committed 3840K, reserved 1048576K
}
Event: 46.959 GC heap before
{Heap before GC invocations=12 (full 0):
 garbage-first heap   total 37888K, used 27689K [0x00000000c2800000, 0x0000000100000000)
  region size 1024K, 17 young (17408K), 3 survivors (3072K)
 Metaspace       used 32945K, capacity 33367K, committed 33584K, reserved 1079296K
  class space    used 4046K, capacity 4193K, committed 4224K, reserved 1048576K
}
Event: 46.974 GC heap after
{Heap after GC invocations=13 (full 0):
 garbage-first heap   total 37888K, used 14978K [0x00000000c2800000, 0x0000000100000000)
  region size 1024K, 3 young (3072K), 3 survivors (3072K)
 Metaspace       used 32945K, capacity 33367K, committed 33584K, reserved 1079296K
  class space    used 4046K, capacity 4193K, committed 4224K, reserved 1048576K
}
Event: 50.124 GC heap before
{Heap before GC invocations=13 (full 0):
 garbage-first heap   total 37888K, used 27266K [0x00000000c2800000, 0x0000000100000000)
  region size 1024K, 16 young (16384K), 3 survivors (3072K)
 Metaspace       used 34863K, capacity 35334K, committed 35632K, reserved 1081344K
  class space    used 4224K, capacity 4356K, committed 4480K, reserved 1048576K
}
Event: 50.137 GC heap after
{Heap after GC invocations=14 (full 0):
 garbage-first heap   total 37888K, used 16178K [0x00000000c2800000, 0x0000000100000000)
  region size 1024K, 2 young (2048K), 2 survivors (2048K)
 Metaspace       used 34863K, capacity 35334K, committed 35632K, reserved 1081344K
  class space    used 4224K, capacity 4356K, committed 4480K, reserved 1048576K
}
Event: 50.144 GC heap before
{Heap before GC invocations=14 (full 0):
 garbage-first heap   total 37888K, used 27442K [0x00000000c2800000, 0x0000000100000000)
  region size 1024K, 14 young (14336K), 2 survivors (2048K)
 Metaspace       used 34863K, capacity 35334K, committed 35632K, reserved 1081344K
  class space    used 4224K, capacity 4356K, committed 4480K, reserved 1048576K
}
Event: 50.147 GC heap after
{Heap after GC invocations=15 (full 0):
 garbage-first heap   total 37888K, used 16067K [0x00000000c2800000, 0x0000000100000000)
  region size 1024K, 2 young (2048K), 2 survivors (2048K)
 Metaspace       used 34863K, capacity 35334K, committed 35632K, reserved 1081344K
  class space    used 4224K, capacity 4356K, committed 4480K, reserved 1048576K
}
Event: 50.153 GC heap before
{Heap before GC invocations=15 (full 0):
 garbage-first heap   total 37888K, used 28355K [0x00000000c2800000, 0x0000000100000000)
  region size 1024K, 15 young (15360K), 2 survivors (2048K)
 Metaspace       used 34863K, capacity 35334K, committed 35632K, reserved 1081344K
  class space    used 4224K, capacity 4356K, committed 4480K, reserved 1048576K
}
Event: 50.156 GC heap after
{Heap after GC invocations=16 (full 0):
 garbage-first heap   total 37888K, used 16007K [0x00000000c2800000, 0x0000000100000000)
  region size 1024K, 1 young (1024K), 1 survivors (1024K)
 Metaspace       used 34863K, capacity 35334K, committed 35632K, reserved 1081344K
  class space    used 4224K, capacity 4356K, committed 4480K, reserved 1048576K
}
Event: 50.907 GC heap before
{Heap before GC invocations=16 (full 0):
 garbage-first heap   total 37888K, used 26247K [0x00000000c2800000, 0x0000000100000000)
  region size 1024K, 13 young (13312K), 1 survivors (1024K)
 Metaspace       used 35070K, capacity 35494K, committed 35632K, reserved 1081344K
  class space    used 4246K, capacity 4388K, committed 4480K, reserved 1048576K
}
Event: 50.909 GC heap after
{Heap after GC invocations=17 (full 0):
 garbage-first heap   total 37888K, used 16133K [0x00000000c2800000, 0x0000000100000000)
  region size 1024K, 1 young (1024K), 1 survivors (1024K)
 Metaspace       used 35070K, capacity 35494K, committed 35632K, reserved 1081344K
  class space    used 4246K, capacity 4388K, committed 4480K, reserved 1048576K
}
Event: 53.477 GC heap before
{Heap before GC invocations=18 (full 0):
 garbage-first heap   total 37888K, used 30469K [0x00000000c2800000, 0x0000000100000000)
  region size 1024K, 15 young (15360K), 1 survivors (1024K)
 Metaspace       used 37129K, capacity 37615K, committed 37680K, reserved 1083392K
  class space    used 4533K, capacity 4711K, committed 4736K, reserved 1048576K
}
Event: 53.485 GC heap after
{Heap after GC invocations=19 (full 0):
 garbage-first heap   total 37888K, used 16872K [0x00000000c2800000, 0x0000000100000000)
  region size 1024K, 1 young (1024K), 1 survivors (1024K)
 Metaspace       used 37129K, capacity 37615K, committed 37680K, reserved 1083392K
  class space    used 4533K, capacity 4711K, committed 4736K, reserved 1048576K
}
Event: 58.808 GC heap before
{Heap before GC invocations=19 (full 0):
 garbage-first heap   total 37888K, used 31208K [0x00000000c2800000, 0x0000000100000000)
  region size 1024K, 15 young (15360K), 1 survivors (1024K)
 Metaspace       used 40748K, capacity 41281K, committed 41392K, reserved 1085440K
  class space    used 5115K, capacity 5290K, committed 5376K, reserved 1048576K
}
Event: 58.817 GC heap after
{Heap after GC invocations=20 (full 0):
 garbage-first heap   total 37888K, used 17496K [0x00000000c2800000, 0x0000000100000000)
  region size 1024K, 2 young (2048K), 2 survivors (2048K)
 Metaspace       used 40748K, capacity 41281K, committed 41392K, reserved 1085440K
  class space    used 5115K, capacity 5290K, committed 5376K, reserved 1048576K
}
Event: 64.496 GC heap before
{Heap before GC invocations=20 (full 0):
 garbage-first heap   total 37888K, used 29784K [0x00000000c2800000, 0x0000000100000000)
  region size 1024K, 15 young (15360K), 2 survivors (2048K)
 Metaspace       used 45229K, capacity 45604K, committed 45744K, reserved 1089536K
  class space    used 5693K, capacity 5835K, committed 5888K, reserved 1048576K
}
Event: 64.504 GC heap after
{Heap after GC invocations=21 (full 0):
 garbage-first heap   total 37888K, used 18367K [0x00000000c2800000, 0x0000000100000000)
  region size 1024K, 2 young (2048K), 2 survivors (2048K)
 Metaspace       used 45229K, capacity 45604K, committed 45744K, reserved 1089536K
  class space    used 5693K, capacity 5835K, committed 5888K, reserved 1048576K
}
Event: 67.343 GC heap before
{Heap before GC invocations=21 (full 0):
 garbage-first heap   total 37888K, used 22463K [0x00000000c2800000, 0x0000000100000000)
  region size 1024K, 7 young (7168K), 2 survivors (2048K)
 Metaspace       used 46517K, capacity 47044K, committed 47152K, reserved 1091584K
  class space    used 5853K, capacity 5995K, committed 6016K, reserved 1048576K
}
Event: 67.350 GC heap after
{Heap after GC invocations=22 (full 0):
 garbage-first heap   total 37888K, used 18976K [0x00000000c2800000, 0x0000000100000000)
  region size 1024K, 2 young (2048K), 2 survivors (2048K)
 Metaspace       used 46517K, capacity 47044K, committed 47152K, reserved 1091584K
  class space    used 5853K, capacity 5995K, committed 6016K, reserved 1048576K
}

Deoptimization events (2 events):
Event: 37.853 Thread 0x000001d7fc097c50 DEOPT PACKING pc=0x000001d78093d93c sp=0x0000009a331fdc80
Event: 37.853 Thread 0x000001d7fc097c50 DEOPT UNPACKING pc=0x000001d78004df3f sp=0x0000009a331fd1d8 mode 0

Classes unloaded (0 events):
No events

Classes redefined (0 events):
No events

Internal exceptions (20 events):
Event: 43.710 Thread 0x000001d7fc098d10 Exception <a 'java/lang/reflect/InvocationTargetException'{0x00000000c5c0e170}> (0x00000000c5c0e170) 
thrown [./open/src/hotspot/share/runtime/reflection.cpp, line 1157]
Event: 44.220 Thread 0x000001d7fc097c50 Exception <a 'java/lang/NoSuchMethodError'{0x00000000c461e980}: 'java.lang.Object java.lang.invoke.DirectMethodHandle$Holder.invokeSpecialIFC(java.lang.Object, java.lang.Object, java.lang.Object)'> (0x00000000c461e980) 
thrown [./open/src/hotspot/share/interpreter/linkResolver.cpp, line 782]
Event: 44.270 Thread 0x000001d7fc098d10 Exception <a 'java/lang/reflect/InvocationTargetException'{0x00000000c4745678}> (0x00000000c4745678) 
thrown [./open/src/hotspot/share/runtime/reflection.cpp, line 1157]
Event: 44.824 Thread 0x000001d7fc098d10 Exception <a 'java/lang/reflect/InvocationTargetException'{0x00000000c47496c0}> (0x00000000c47496c0) 
thrown [./open/src/hotspot/share/runtime/reflection.cpp, line 1157]
Event: 45.377 Thread 0x000001d7fc098d10 Exception <a 'java/lang/reflect/InvocationTargetException'{0x00000000c474d708}> (0x00000000c474d708) 
thrown [./open/src/hotspot/share/runtime/reflection.cpp, line 1157]
Event: 45.515 Thread 0x000001d7fc097c50 Exception <a 'java/lang/NoSuchMethodError'{0x00000000c45747a8}: 'int java.lang.invoke.DirectMethodHandle$Holder.invokeSpecial(java.lang.Object, java.lang.Object, java.lang.Object, java.lang.Object, java.lang.Object)'> (0x00000000c45747a8) 
thrown [./open/src/hotspot/share/interpreter/linkResolver.cpp, line 782]
Event: 45.880 Thread 0x000001d7fc098d10 Exception <a 'java/lang/reflect/InvocationTargetException'{0x00000000c4543ce8}> (0x00000000c4543ce8) 
thrown [./open/src/hotspot/share/runtime/reflection.cpp, line 1157]
Event: 46.383 Thread 0x000001d7fc098d10 Exception <a 'java/lang/reflect/InvocationTargetException'{0x00000000c4547d30}> (0x00000000c4547d30) 
thrown [./open/src/hotspot/share/runtime/reflection.cpp, line 1157]
Event: 46.418 Thread 0x000001d7fc097c50 Exception <a 'java/lang/NoSuchMethodError'{0x00000000c422b3e0}: 'void java.lang.invoke.DirectMethodHandle$Holder.invokeInterface(java.lang.Object, java.lang.Object, int)'> (0x00000000c422b3e0) 
thrown [./open/src/hotspot/share/interpreter/linkResolver.cpp, line 782]
Event: 46.426 Thread 0x000001d7fc097c50 Exception <a 'java/lang/IncompatibleClassChangeError'{0x00000000c4286fd8}: Found class java.lang.Object, but interface was expected> (0x00000000c4286fd8) 
thrown [./open/src/hotspot/share/interpreter/linkResolver.cpp, line 848]
Event: 46.427 Thread 0x000001d7fc097c50 Exception <a 'java/lang/NoSuchMethodError'{0x00000000c428c6c0}: 'void java.lang.invoke.DirectMethodHandle$Holder.invokeStatic(java.lang.Object, int, java.lang.Object)'> (0x00000000c428c6c0) 
thrown [./open/src/hotspot/share/interpreter/linkResolver.cpp, line 782]
Event: 46.433 Thread 0x000001d7fc097c50 Exception <a 'java/lang/NoSuchMethodError'{0x00000000c42bd210}: 'int java.lang.invoke.DirectMethodHandle$Holder.invokeSpecial(java.lang.Object, java.lang.Object, int)'> (0x00000000c42bd210) 
thrown [./open/src/hotspot/share/interpreter/linkResolver.cpp, line 782]
Event: 46.935 Thread 0x000001d7fc098d10 Exception <a 'java/lang/reflect/InvocationTargetException'{0x00000000c454bd78}> (0x00000000c454bd78) 
thrown [./open/src/hotspot/share/runtime/reflection.cpp, line 1157]
Event: 47.438 Thread 0x000001d7fc098d10 Exception <a 'java/lang/reflect/InvocationTargetException'{0x00000000c65c07c0}> (0x00000000c65c07c0) 
thrown [./open/src/hotspot/share/runtime/reflection.cpp, line 1157]
Event: 47.993 Thread 0x000001d7fc098d10 Exception <a 'java/lang/reflect/InvocationTargetException'{0x00000000c5c02958}> (0x00000000c5c02958) 
thrown [./open/src/hotspot/share/runtime/reflection.cpp, line 1157]
Event: 50.947 Thread 0x000001d7fc097c50 Exception <a 'java/io/FileNotFoundException'{0x00000000c6523170}> (0x00000000c6523170) 
thrown [./open/src/hotspot/share/prims/jni.cpp, line 578]
Event: 51.351 Thread 0x000001d7fc097c50 Exception <a 'java/lang/NoSuchMethodError'{0x00000000c5c67b08}: 'int java.lang.invoke.DirectMethodHandle$Holder.invokeInterface(java.lang.Object, java.lang.Object, java.lang.Object, java.lang.Object)'> (0x00000000c5c67b08) 
thrown [./open/src/hotspot/share/interpreter/linkResolver.cpp, line 782]
Event: 51.613 Thread 0x000001d7fc097c50 Exception <a 'java/io/FileNotFoundException'{0x00000000c486bd50}> (0x00000000c486bd50) 
thrown [./open/src/hotspot/share/prims/jni.cpp, line 578]
Event: 64.569 Thread 0x000001d7fc097c50 Exception <a 'sun/nio/fs/WindowsException'{0x00000000c6515758}> (0x00000000c6515758) 
thrown [./open/src/hotspot/share/prims/jni.cpp, line 578]
Event: 66.089 Thread 0x000001d7fc097c50 Exception <a 'java/lang/AbstractMethodError'{0x00000000c65da258}: Receiver class oracle.jdbc.driver.T4CConnection does not define or inherit an implementation of the resolved method 'abstract int getNetworkTimeout()' of interface java.sql.Connection.> (0x00000000c65da258) 
thrown [./open/src/hotspot/share/interpreter/linkResolver.cpp, line 1837]

Events (20 events):
Event: 64.643 loading class sun/security/provider/SecureRandom done
Event: 64.643 loading class sun/security/provider/SecureRandom$SeederHolder
Event: 64.643 loading class sun/security/provider/SecureRandom$SeederHolder done
Event: 64.743 loading class sun/security/provider/MD5
Event: 64.761 loading class sun/security/provider/MD5 done
Event: 66.090 Thread 0x000001d795754550 Thread added: 0x000001d795754550
Event: 66.126 loading class java/util/IdentityHashMap$KeyIterator
Event: 66.126 loading class java/util/IdentityHashMap$KeyIterator done
Event: 66.126 Thread 0x000001d795754550 Thread exited: 0x000001d795754550
Event: 66.129 Thread 0x000001d795751a00 Thread added: 0x000001d795751a00
Event: 66.130 loading class java/util/concurrent/ThreadPoolExecutor$DiscardOldestPolicy
Event: 66.130 loading class java/util/concurrent/ThreadPoolExecutor$DiscardOldestPolicy done
Event: 66.131 loading class java/util/concurrent/ThreadPoolExecutor$CallerRunsPolicy
Event: 66.131 loading class java/util/concurrent/ThreadPoolExecutor$CallerRunsPolicy done
Event: 66.236 Thread 0x000001d795753210 Thread added: 0x000001d795753210
Event: 66.653 Executing VM operation: HandshakeAllThreads
Event: 66.653 Executing VM operation: HandshakeAllThreads done
Event: 66.774 loading class java/util/regex/Pattern$1MatcherIterator
Event: 66.774 loading class java/util/regex/Pattern$1MatcherIterator done
Event: 67.343 Executing VM operation: CollectForMetadataAllocation


Dynamic libraries:
0x00007ff795680000 - 0x00007ff79568d000 	C:\Users\ELCOT\.p2\pool\plugins\org.eclipse.justj.openjdk.hotspot.jre.full.win32.x86_64_15.0.2.v20210201-0955\jre\bin\javaw.exe
0x00007ffe90190000 - 0x00007ffe9037d000 	C:\Windows\SYSTEM32\ntdll.dll
0x00007ffe8dbc0000 - 0x00007ffe8dc73000 	C:\Windows\System32\KERNEL32.DLL
0x00007ffe8cc70000 - 0x00007ffe8cf05000 	C:\Windows\System32\KERNELBASE.dll
0x00007ffe8d2b0000 - 0x00007ffe8d3aa000 	C:\Windows\System32\ucrtbase.dll
0x00007ffe7e870000 - 0x00007ffe7e888000 	C:\Users\ELCOT\.p2\pool\plugins\org.eclipse.justj.openjdk.hotspot.jre.full.win32.x86_64_15.0.2.v20210201-0955\jre\bin\jli.dll
0x00007ffe8d3b0000 - 0x00007ffe8d547000 	C:\Windows\System32\USER32.dll
0x00007ffe6f9e0000 - 0x00007ffe6f9f9000 	C:\Users\ELCOT\.p2\pool\plugins\org.eclipse.justj.openjdk.hotspot.jre.full.win32.x86_64_15.0.2.v20210201-0955\jre\bin\VCRUNTIME140.dll
0x00007ffe8cf10000 - 0x00007ffe8cf30000 	C:\Windows\System32\win32u.dll
0x00007ffe8e3b0000 - 0x00007ffe8e3d9000 	C:\Windows\System32\GDI32.dll
0x00007ffe8cad0000 - 0x00007ffe8cc6c000 	C:\Windows\System32\gdi32full.dll
0x00007ffe8cf80000 - 0x00007ffe8d020000 	C:\Windows\System32\msvcp_win.dll
0x00007ffe776a0000 - 0x00007ffe77919000 	C:\Windows\WinSxS\amd64_microsoft.windows.common-controls_6595b64144ccf1df_6.0.17763.1577_none_de7444545348a3d0\COMCTL32.dll
0x00007ffe8da10000 - 0x00007ffe8daae000 	C:\Windows\System32\msvcrt.dll
0x00007ffe8d6e0000 - 0x00007ffe8da0d000 	C:\Windows\System32\combase.dll
0x00007ffe8e600000 - 0x00007ffe8e722000 	C:\Windows\System32\RPCRT4.dll
0x00007ffe8ca50000 - 0x00007ffe8cace000 	C:\Windows\System32\bcryptPrimitives.dll
0x00007ffe8db30000 - 0x00007ffe8db5e000 	C:\Windows\System32\IMM32.DLL
0x00007ffe7f220000 - 0x00007ffe7f22c000 	C:\Users\ELCOT\.p2\pool\plugins\org.eclipse.justj.openjdk.hotspot.jre.full.win32.x86_64_15.0.2.v20210201-0955\jre\bin\vcruntime140_1.dll
0x00007ffe54cb0000 - 0x00007ffe54d41000 	C:\Users\ELCOT\.p2\pool\plugins\org.eclipse.justj.openjdk.hotspot.jre.full.win32.x86_64_15.0.2.v20210201-0955\jre\bin\msvcp140.dll
0x00007ffe53da0000 - 0x00007ffe548fe000 	C:\Users\ELCOT\.p2\pool\plugins\org.eclipse.justj.openjdk.hotspot.jre.full.win32.x86_64_15.0.2.v20210201-0955\jre\bin\server\jvm.dll
0x00007ffe8eaf0000 - 0x00007ffe8eb93000 	C:\Windows\System32\ADVAPI32.dll
0x00007ffe8e990000 - 0x00007ffe8ea2e000 	C:\Windows\System32\sechost.dll
0x00007ffe90150000 - 0x00007ffe90158000 	C:\Windows\System32\PSAPI.DLL
0x00007ffe7a400000 - 0x00007ffe7a409000 	C:\Windows\SYSTEM32\WSOCK32.dll
0x00007ffe8e590000 - 0x00007ffe8e5fd000 	C:\Windows\System32\WS2_32.dll
0x00007ffe871b0000 - 0x00007ffe871ba000 	C:\Windows\SYSTEM32\VERSION.dll
0x00007ffe8a290000 - 0x00007ffe8a2b4000 	C:\Windows\SYSTEM32\WINMM.dll
0x00007ffe8a260000 - 0x00007ffe8a28d000 	C:\Windows\SYSTEM32\WINMMBASE.dll
0x00007ffe8cf30000 - 0x00007ffe8cf7a000 	C:\Windows\System32\cfgmgr32.dll
0x00007ffe8c170000 - 0x00007ffe8c181000 	C:\Windows\System32\kernel.appcore.dll
0x00007ffe82d90000 - 0x00007ffe82d9a000 	C:\Users\ELCOT\.p2\pool\plugins\org.eclipse.justj.openjdk.hotspot.jre.full.win32.x86_64_15.0.2.v20210201-0955\jre\bin\jimage.dll
0x00007ffe7a0c0000 - 0x00007ffe7a2ad000 	C:\Windows\SYSTEM32\DBGHELP.DLL
0x00007ffe7a090000 - 0x00007ffe7a0ba000 	C:\Windows\SYSTEM32\dbgcore.DLL
0x00007ffe80cf0000 - 0x00007ffe80d15000 	C:\Users\ELCOT\.p2\pool\plugins\org.eclipse.justj.openjdk.hotspot.jre.full.win32.x86_64_15.0.2.v20210201-0955\jre\bin\java.dll
0x00007ffe82c30000 - 0x00007ffe82c48000 	C:\Users\ELCOT\.p2\pool\plugins\org.eclipse.justj.openjdk.hotspot.jre.full.win32.x86_64_15.0.2.v20210201-0955\jre\bin\zip.dll
0x00007ffe8ec50000 - 0x00007ffe90149000 	C:\Windows\System32\SHELL32.dll
0x00007ffe8e8e0000 - 0x00007ffe8e988000 	C:\Windows\System32\shcore.dll
0x00007ffe8c240000 - 0x00007ffe8c993000 	C:\Windows\System32\windows.storage.dll
0x00007ffe8c1f0000 - 0x00007ffe8c214000 	C:\Windows\System32\profapi.dll
0x00007ffe8c190000 - 0x00007ffe8c1ed000 	C:\Windows\System32\powrprof.dll
0x00007ffe8ea30000 - 0x00007ffe8ea82000 	C:\Windows\System32\shlwapi.dll
0x00007ffe8ca30000 - 0x00007ffe8ca47000 	C:\Windows\System32\cryptsp.dll
0x00007ffe80c70000 - 0x00007ffe80c89000 	C:\Users\ELCOT\.p2\pool\plugins\org.eclipse.justj.openjdk.hotspot.jre.full.win32.x86_64_15.0.2.v20210201-0955\jre\bin\net.dll
0x00007ffe7f2e0000 - 0x00007ffe7f3d4000 	C:\Windows\SYSTEM32\WINHTTP.dll
0x00007ffe8b9e0000 - 0x00007ffe8ba47000 	C:\Windows\system32\mswsock.dll
0x00007ffe80850000 - 0x00007ffe80862000 	C:\Users\ELCOT\.p2\pool\plugins\org.eclipse.justj.openjdk.hotspot.jre.full.win32.x86_64_15.0.2.v20210201-0955\jre\bin\nio.dll
0x00007ffe80910000 - 0x00007ffe80919000 	C:\Users\ELCOT\.p2\pool\plugins\org.eclipse.justj.openjdk.hotspot.jre.full.win32.x86_64_15.0.2.v20210201-0955\jre\bin\management.dll
0x00007ffe7ffd0000 - 0x00007ffe7ffdb000 	C:\Users\ELCOT\.p2\pool\plugins\org.eclipse.justj.openjdk.hotspot.jre.full.win32.x86_64_15.0.2.v20210201-0955\jre\bin\management_ext.dll
0x00007ffe79b10000 - 0x00007ffe79b26000 	C:\Windows\system32\napinsp.dll
0x00007ffe79af0000 - 0x00007ffe79b0a000 	C:\Windows\system32\pnrpnsp.dll
0x00007ffe8b750000 - 0x00007ffe8b816000 	C:\Windows\SYSTEM32\DNSAPI.dll
0x00007ffe8df20000 - 0x00007ffe8df28000 	C:\Windows\System32\NSI.dll
0x00007ffe8b700000 - 0x00007ffe8b73d000 	C:\Windows\SYSTEM32\IPHLPAPI.DLL
0x00007ffe79ae0000 - 0x00007ffe79aee000 	C:\Windows\System32\winrnr.dll
0x00007ffe88950000 - 0x00007ffe8896b000 	C:\Windows\system32\NLAapi.dll
0x00007ffe79ac0000 - 0x00007ffe79ad5000 	C:\Windows\system32\wshbth.dll
0x00007ffe7e690000 - 0x00007ffe7e69a000 	C:\Windows\System32\rasadhlp.dll
0x00007ffe7e9d0000 - 0x00007ffe7ea49000 	C:\Windows\System32\fwpuclnt.dll
0x00007ffe8c9a0000 - 0x00007ffe8c9c6000 	C:\Windows\System32\bcrypt.dll
0x00007ffe8b560000 - 0x00007ffe8b593000 	C:\Windows\system32\rsaenh.dll
0x00007ffe8c0a0000 - 0x00007ffe8c0c9000 	C:\Windows\SYSTEM32\USERENV.dll
0x00007ffe8bbb0000 - 0x00007ffe8bbbc000 	C:\Windows\SYSTEM32\CRYPTBASE.dll
0x00007ffe83c40000 - 0x00007ffe83c56000 	C:\Windows\SYSTEM32\dhcpcsvc6.DLL
0x00007ffe83d10000 - 0x00007ffe83d2c000 	C:\Windows\SYSTEM32\dhcpcsvc.DLL
0x00007ffe80ce0000 - 0x00007ffe80cf0000 	C:\Users\ELCOT\.p2\pool\plugins\org.eclipse.justj.openjdk.hotspot.jre.full.win32.x86_64_15.0.2.v20210201-0955\jre\bin\verify.dll
0x00007ffe80c60000 - 0x00007ffe80c6d000 	C:\Users\ELCOT\.p2\pool\plugins\org.eclipse.justj.openjdk.hotspot.jre.full.win32.x86_64_15.0.2.v20210201-0955\jre\bin\sunmscapi.dll
0x00007ffe8d0d0000 - 0x00007ffe8d2ac000 	C:\Windows\System32\CRYPT32.dll
0x00007ffe8c220000 - 0x00007ffe8c232000 	C:\Windows\System32\MSASN1.dll
0x00007ffe8bcb0000 - 0x00007ffe8bcd6000 	C:\Windows\SYSTEM32\ncrypt.dll
0x00007ffe8bc70000 - 0x00007ffe8bcac000 	C:\Windows\SYSTEM32\NTASN1.dll

dbghelp: loaded successfully - version: 4.0.5 - missing functions: none
symbol engine: initialized successfully - sym options: 0x614 - pdb path: .;C:\Users\ELCOT\.p2\pool\plugins\org.eclipse.justj.openjdk.hotspot.jre.full.win32.x86_64_15.0.2.v20210201-0955\jre\bin;C:\Windows\SYSTEM32;C:\Windows\WinSxS\amd64_microsoft.windows.common-controls_6595b64144ccf1df_6.0.17763.1577_none_de7444545348a3d0;C:\Users\ELCOT\.p2\pool\plugins\org.eclipse.justj.openjdk.hotspot.jre.full.win32.x86_64_15.0.2.v20210201-0955\jre\bin\server

VM Arguments:
jvm_args: -Dcom.sun.management.jmxremote -Dcom.sun.management.jmxremote.port=52225 -Dcom.sun.management.jmxremote.authenticate=false -Dcom.sun.management.jmxremote.ssl=false -Djava.rmi.server.hostname=localhost -Dspring.jmx.enabled=true -Dspring.application.admin.enabled=true -XX:TieredStopAtLevel=1 -Dspring.boot.project.name=Online_vehicle_License -Dfile.encoding=Cp1252 -XX:+ShowCodeDetailsInExceptionMessages 
java_command: com.vl.info.OnlineVehicleLicenseApplication
java_class_path (initial): C:\Users\ELCOT\Desktop\Project\Online_vehicle_License\bin\main;C:\Users\ELCOT\.gradle\caches\modules-2\files-2.1\org.springframework.boot\spring-boot-starter-web\2.5.0\3103486844ed786b6ba420971ad137658a2da803\spring-boot-starter-web-2.5.0.jar;C:\Users\ELCOT\.gradle\caches\modules-2\files-2.1\org.springframework.boot\spring-boot-starter-data-jpa\2.5.0\84f42b4c2b85d59070d1b67c7e5b35a1f62c3e82\spring-boot-starter-data-jpa-2.5.0.jar;C:\Users\ELCOT\.gradle\caches\modules-2\files-2.1\org.assertj\assertj-core\3.15.0\b5b633545f357f576bd0661b302914a3951319d\assertj-core-3.15.0.jar;C:\Users\ELCOT\.gradle\caches\modules-2\files-2.1\org.hibernate\hibernate-core\5.4.13.Final\ccf1fb34349439b19056b9f81fb9738760ff5d76\hibernate-core-5.4.13.Final.jar;C:\Users\ELCOT\.gradle\caches\modules-2\files-2.1\org.springframework.boot\spring-boot-starter-json\2.5.0\3823529849c1b848e9623bbccc7c2dc7c3d51f93\spring-boot-starter-json-2.5.0.jar;C:\Users\ELCOT\.gradle\caches\modules-2\files-2.1\org.springframework.boot\spring-boot-starter-aop\2.5.0\7296891fa9032f7ac267da19732c043966216636\spring-boot-starter-aop-2.5.0.jar;C:\Users\ELCOT\.gradle\caches\modules-2\files-2.1\org.springframework.boot\spring-boot-starter-jdbc\2.5.0\850bf7c3dacf3d610bb9e7dca3685621539c7099\spring-boot-starter-jdbc-2.5.0.jar;C:\Users\ELCOT\.gradle\caches\modules-2\files-2.1\org.springframework.boot\spring-boot-starter\2.5.0\a910887c01efcc7d12f3f89a7604d436f26eeb90\spring-boot-starter-2.5.0.jar;C:\Users\ELCOT\.gradle\caches\modules-2\files-2.1\org.springframework.boot\spring-boot-starter-tomcat\2.5.0\3b93aeb708d3319522fb21409ec314ad4d2ef9b3\spring-boot-starter-tomcat-2.5.0.jar;C:\Users\ELCOT\.gradle\caches\modules-2\files-2.1\org.springframework\spring-webmvc\5.3.7\8437c7a572177a34607abdaef2f6b8088488f5c0\spring-webmvc-5.3.7.jar;C:\Users\ELCOT\.gradle\caches\modules-2\files-2.1\org.springframework\spring-web\5.3.7\49e6a8f45e77f14ef16f82c0413254ef493b785f\spring-web-5.3.7.jar;C:\Users\ELCOT\.gradl
Launcher Type: SUN_STANDARD

[Global flags]
     intx CICompilerCount                          = 2                                         {product} {ergonomic}
     uint ConcGCThreads                            = 1                                         {product} {ergonomic}
     uint G1ConcRefinementThreads                  = 2                                         {product} {ergonomic}
   size_t G1HeapRegionSize                         = 1048576                                   {product} {ergonomic}
    uintx GCDrainStackTargetSize                   = 64                                        {product} {ergonomic}
   size_t InitialHeapSize                          = 65011712                                  {product} {ergonomic}
     bool ManagementServer                         = true                                      {product} {command line}
   size_t MarkStackSize                            = 4194304                                   {product} {ergonomic}
   size_t MaxHeapSize                              = 1031798784                                {product} {ergonomic}
   size_t MaxNewSize                               = 618659840                                 {product} {ergonomic}
   size_t MinHeapDeltaBytes                        = 1048576                                   {product} {ergonomic}
   size_t MinHeapSize                              = 8388608                                   {product} {ergonomic}
    uintx NonNMethodCodeHeapSize                   = 6396312                                {pd product} {ergonomic}
    uintx NonProfiledCodeHeapSize                  = 245261928                              {pd product} {ergonomic}
    uintx ProfiledCodeHeapSize                     = 0                                      {pd product} {ergonomic}
    uintx ReservedCodeCacheSize                    = 251658240                              {pd product} {ergonomic}
     bool SegmentedCodeCache                       = true                                      {product} {ergonomic}
     bool ShowCodeDetailsInExceptionMessages       = true                                   {manageable} {command line}
   size_t SoftMaxHeapSize                          = 1031798784                             {manageable} {ergonomic}
     intx TieredStopAtLevel                        = 1                                         {product} {command line}
     bool UseCompressedClassPointers               = true                                 {lp64_product} {ergonomic}
     bool UseCompressedOops                        = true                                 {lp64_product} {ergonomic}
     bool UseG1GC                                  = true                                      {product} {ergonomic}
     bool UseLargePagesIndividualAllocation        = false                                  {pd product} {ergonomic}

Logging:
Log output configuration:
 #0: stdout all=warning uptime,level,tags
 #1: stderr all=off uptime,level,tags

Environment Variables:
JAVA_HOME=C:\Program Files\Java\jdk1.8.0_291
PATH=C:/Users/ELCOT/.p2/pool/plugins/org.eclipse.justj.openjdk.hotspot.jre.full.win32.x86_64_15.0.2.v20210201-0955/jre/bin/server;C:/Users/ELCOT/.p2/pool/plugins/org.eclipse.justj.openjdk.hotspot.jre.full.win32.x86_64_15.0.2.v20210201-0955/jre/bin;C:\Program Files\Java\jdk1.8.0_291\bin;C:\gradle-7.0.2\bin;C:\Program Files\Git\cmd;C:\Users\ELCOT\AppData\Local\Microsoft\WindowsApps;;C:\Users\ELCOT\eclipse\java-2021-03\eclipse;
USERNAME=ELCOT
OS=Windows_NT
PROCESSOR_IDENTIFIER=AMD64 Family 21 Model 112 Stepping 0, AuthenticAMD



---------------  S Y S T E M  ---------------

OS:
 Windows 10 , 64 bit Build 17763 (10.0.17763.475)
OS uptime: 3 days 5:41 hours

CPU: total 2 (initial active 2) (2 cores per cpu, 1 threads per core) family 21 model 112 stepping 0 microcode 0x0, cmov, cx8, fxsr, mmx, sse, sse2, sse3, ssse3, sse4.1, sse4.2, popcnt, vzeroupper, avx, avx2, aes, clmul, 3dnowpref, lzcnt, sse4a, tsc, tscinvbit, tscinv, bmi1, bmi2, fma, clflush

Memory: 4k page, system-wide physical 3935M (290M free)
TotalPageFile size 8031M (AvailPageFile size 0M)
current process WorkingSet (physical memory assigned to process): 139M, peak: 139M
current process commit charge ("private bytes"): 163M, peak: 164M

vm_info: OpenJDK 64-Bit Server VM (15.0.2+7-27) for windows-amd64 JRE (15.0.2+7-27), built on Dec  7 2020 20:02:38 by "mach5one" with unknown MS VC++:1925

END.
